<?xml version="1.0" encoding="UTF-8"?>
<testsuite name="com.momo.momopjt.UserTests" tests="1" skipped="0" failures="0" errors="0" timestamp="2024-07-03T04:16:20" hostname="DESKTOP-O6FQ813" time="1.278">
  <properties/>
  <testcase name="회원가입()" classname="com.momo.momopjt.UserTests" time="1.278"/>
  <system-out><![CDATA[13:15:59.986 [Test worker] DEBUG org.springframework.test.context.BootstrapUtils - Instantiating CacheAwareContextLoaderDelegate from class [org.springframework.test.context.cache.DefaultCacheAwareContextLoaderDelegate]
13:16:00.005 [Test worker] DEBUG org.springframework.test.context.BootstrapUtils - Instantiating BootstrapContext using constructor [public org.springframework.test.context.support.DefaultBootstrapContext(java.lang.Class,org.springframework.test.context.CacheAwareContextLoaderDelegate)]
13:16:00.118 [Test worker] DEBUG org.springframework.test.context.BootstrapUtils - Instantiating TestContextBootstrapper for test class [com.momo.momopjt.UserTests] from class [org.springframework.boot.test.context.SpringBootTestContextBootstrapper]
13:16:00.160 [Test worker] DEBUG org.springframework.test.context.support.AbstractContextLoader - Did not detect default resource location for test class [com.momo.momopjt.UserTests]: class path resource [com/momo/momopjt/UserTests-context.xml] does not exist
13:16:00.162 [Test worker] DEBUG org.springframework.test.context.support.AbstractContextLoader - Did not detect default resource location for test class [com.momo.momopjt.UserTests]: class path resource [com/momo/momopjt/UserTestsContext.groovy] does not exist
13:16:00.162 [Test worker] INFO org.springframework.test.context.support.AbstractContextLoader - Could not detect default resource locations for test class [com.momo.momopjt.UserTests]: no resource found for suffixes {-context.xml, Context.groovy}.
13:16:00.279 [Test worker] DEBUG org.springframework.test.context.support.ActiveProfilesUtils - Could not find an 'annotation declaring class' for annotation type [org.springframework.test.context.ActiveProfiles] and class [com.momo.momopjt.UserTests]
13:16:00.555 [Test worker] DEBUG org.springframework.boot.test.context.SpringBootTestContextBootstrapper - @TestExecutionListeners is not present for class [com.momo.momopjt.UserTests]: using defaults.
13:16:00.558 [Test worker] INFO org.springframework.boot.test.context.SpringBootTestContextBootstrapper - Loaded default TestExecutionListener class names from location [META-INF/spring.factories]: [org.springframework.security.test.context.support.WithSecurityContextTestExecutionListener, org.springframework.security.test.context.support.ReactorContextTestExecutionListener, org.springframework.boot.test.autoconfigure.restdocs.RestDocsTestExecutionListener, org.springframework.boot.test.autoconfigure.web.client.MockRestServiceServerResetTestExecutionListener, org.springframework.boot.test.autoconfigure.web.servlet.MockMvcPrintOnlyOnFailureTestExecutionListener, org.springframework.boot.test.autoconfigure.web.servlet.WebDriverTestExecutionListener, org.springframework.boot.test.autoconfigure.webservices.client.MockWebServiceServerTestExecutionListener, org.springframework.boot.test.mock.mockito.MockitoTestExecutionListener, org.springframework.boot.test.mock.mockito.ResetMocksTestExecutionListener, org.springframework.test.context.web.ServletTestExecutionListener, org.springframework.test.context.support.DirtiesContextBeforeModesTestExecutionListener, org.springframework.test.context.event.ApplicationEventsTestExecutionListener, org.springframework.test.context.support.DependencyInjectionTestExecutionListener, org.springframework.test.context.support.DirtiesContextTestExecutionListener, org.springframework.test.context.transaction.TransactionalTestExecutionListener, org.springframework.test.context.jdbc.SqlScriptsTestExecutionListener, org.springframework.test.context.event.EventPublishingTestExecutionListener]
13:16:00.604 [Test worker] INFO org.springframework.boot.test.context.SpringBootTestContextBootstrapper - Using TestExecutionListeners: [org.springframework.test.context.web.ServletTestExecutionListener@1968a49c, org.springframework.test.context.support.DirtiesContextBeforeModesTestExecutionListener@6a1ebcff, org.springframework.test.context.event.ApplicationEventsTestExecutionListener@19868320, org.springframework.boot.test.mock.mockito.MockitoTestExecutionListener@50b0bc4c, org.springframework.boot.test.autoconfigure.SpringBootDependencyInjectionTestExecutionListener@c20be82, org.springframework.test.context.support.DirtiesContextTestExecutionListener@13c612bd, org.springframework.test.context.transaction.TransactionalTestExecutionListener@3ef41c66, org.springframework.test.context.jdbc.SqlScriptsTestExecutionListener@6b739528, org.springframework.security.test.context.support.WithSecurityContextTestExecutionListener@622ef26a, org.springframework.test.context.event.EventPublishingTestExecutionListener@41de5768, org.springframework.security.test.context.support.ReactorContextTestExecutionListener@5f577419, org.springframework.boot.test.autoconfigure.restdocs.RestDocsTestExecutionListener@28fa700e, org.springframework.boot.test.autoconfigure.web.client.MockRestServiceServerResetTestExecutionListener@3d526ad9, org.springframework.boot.test.autoconfigure.web.servlet.MockMvcPrintOnlyOnFailureTestExecutionListener@e041f0c, org.springframework.boot.test.autoconfigure.web.servlet.WebDriverTestExecutionListener@6a175569, org.springframework.boot.test.autoconfigure.webservices.client.MockWebServiceServerTestExecutionListener@11963225, org.springframework.boot.test.mock.mockito.ResetMocksTestExecutionListener@3f3c966c]
13:16:00.614 [Test worker] DEBUG org.springframework.test.context.support.AbstractDirtiesContextTestExecutionListener - Before test class: context [DefaultTestContext@467f77a5 testClass = UserTests, testInstance = [null], testMethod = [null], testException = [null], mergedContextConfiguration = [WebMergedContextConfiguration@1bb9aa43 testClass = UserTests, locations = '{}', classes = '{class com.momo.momopjt.MomoApplication}', contextInitializerClasses = '[]', activeProfiles = '{}', propertySourceLocations = '{}', propertySourceProperties = '{org.springframework.boot.test.context.SpringBootTestContextBootstrapper=true}', contextCustomizers = set[org.springframework.boot.test.autoconfigure.actuate.metrics.MetricsExportContextCustomizerFactory$DisableMetricExportContextCustomizer@7b64240d, org.springframework.boot.test.autoconfigure.properties.PropertyMappingContextCustomizer@0, org.springframework.boot.test.autoconfigure.web.servlet.WebDriverContextCustomizerFactory$Customizer@3e8f7922, org.springframework.boot.test.context.filter.ExcludeFilterContextCustomizer@376a312c, org.springframework.boot.test.json.DuplicateJsonObjectContextCustomizerFactory$DuplicateJsonObjectContextCustomizer@51850751, org.springframework.boot.test.mock.mockito.MockitoContextCustomizer@0, org.springframework.boot.test.web.client.TestRestTemplateContextCustomizer@1ddae9b5, org.springframework.boot.test.context.SpringBootTestArgs@1, org.springframework.boot.test.context.SpringBootTestWebEnvironment@27adc16e], resourceBasePath = 'src/main/webapp', contextLoader = 'org.springframework.boot.test.context.SpringBootContextLoader', parent = [null]], attributes = map['org.springframework.test.context.web.ServletTestExecutionListener.activateListener' -> true]], class annotated with @DirtiesContext [false] with mode [null].

  .   ____          _            __ _ _
 /\\ / ___'_ __ _ _(_)_ __  __ _ \ \ \ \
( ( )\___ | '_ | '_| | '_ \/ _` | \ \ \ \
 \\/  ___)| |_)| | | | | || (_| |  ) ) ) )
  '  |____| .__|_| |_|_| |_\__, | / / / /
 =========|_|==============|___/=/_/_/_/
 :: Spring Boot ::                (v2.7.5)

2024-07-03 13:16:01.432  INFO 7868 --- [    Test worker] com.momo.momopjt.UserTests               : Starting UserTests using Java 11.0.23 on DESKTOP-O6FQ813 with PID 7868 (started by tlsdn in C:\Users\tlsdn\IdeaProjects\momopjt)
2024-07-03 13:16:01.434 DEBUG 7868 --- [    Test worker] com.momo.momopjt.UserTests               : Running with Spring Boot v2.7.5, Spring v5.3.23
2024-07-03 13:16:01.435  INFO 7868 --- [    Test worker] com.momo.momopjt.UserTests               : No active profile set, falling back to 1 default profile: "default"
2024-07-03 13:16:04.457  INFO 7868 --- [    Test worker] .s.d.r.c.RepositoryConfigurationDelegate : Bootstrapping Spring Data JPA repositories in DEFAULT mode.
2024-07-03 13:16:04.653  INFO 7868 --- [    Test worker] .s.d.r.c.RepositoryConfigurationDelegate : Finished Spring Data repository scanning in 175 ms. Found 1 JPA repository interfaces.
2024-07-03 13:16:06.632  INFO 7868 --- [    Test worker] o.hibernate.jpa.internal.util.LogHelper  : HHH000204: Processing PersistenceUnitInfo [name: default]
2024-07-03 13:16:06.785  INFO 7868 --- [    Test worker] org.hibernate.Version                    : HHH000412: Hibernate ORM core version 5.6.12.Final
2024-07-03 13:16:07.294  INFO 7868 --- [    Test worker] o.hibernate.annotations.common.Version   : HCANN000001: Hibernate Commons Annotations {5.1.2.Final}
2024-07-03 13:16:07.512  INFO 7868 --- [    Test worker] com.zaxxer.hikari.HikariDataSource       : HikariPool-1 - Starting...
2024-07-03 13:16:07.662  INFO 7868 --- [    Test worker] com.zaxxer.hikari.HikariDataSource       : HikariPool-1 - Start completed.
2024-07-03 13:16:07.710  INFO 7868 --- [    Test worker] org.hibernate.dialect.Dialect            : HHH000400: Using dialect: org.hibernate.dialect.MariaDBDialect
2024-07-03 13:16:09.613  INFO 7868 --- [    Test worker] o.h.e.t.j.p.i.JtaPlatformInitiator       : HHH000490: Using JtaPlatform implementation: [org.hibernate.engine.transaction.jta.platform.internal.NoJtaPlatform]
2024-07-03 13:16:09.627  INFO 7868 --- [    Test worker] j.LocalContainerEntityManagerFactoryBean : Initialized JPA EntityManagerFactory for persistence unit 'default'
2024-07-03 13:16:12.742  WARN 7868 --- [    Test worker] JpaBaseConfiguration$JpaWebConfiguration : spring.jpa.open-in-view is enabled by default. Therefore, database queries may be performed during view rendering. Explicitly configure spring.jpa.open-in-view to disable this warning
2024-07-03 13:16:13.824 TRACE 7868 --- [    Test worker] o.s.s.a.i.a.MethodSecurityInterceptor    : Validated configuration attributes
2024-07-03 13:16:13.847 TRACE 7868 --- [    Test worker] eGlobalAuthenticationAutowiredConfigurer : Eagerly initializing {securityConfig=com.momo.momopjt.config.SecurityConfig$$EnhancerBySpringCGLIB$$80914532@39a1c200, org.springframework.boot.autoconfigure.security.servlet.SpringBootWebSecurityConfiguration$WebSecurityEnablerConfiguration=org.springframework.boot.autoconfigure.security.servlet.SpringBootWebSecurityConfiguration$WebSecurityEnablerConfiguration@57d1edf0}
2024-07-03 13:16:14.616  INFO 7868 --- [    Test worker] com.momo.momopjt.config.SecurityConfig   : ------------configure----------------
2024-07-03 13:16:15.089 DEBUG 7868 --- [    Test worker] edFilterInvocationSecurityMetadataSource : Adding web access control expression [permitAll] for ExactUrl [processUrl='/user/login?error']
2024-07-03 13:16:15.156 DEBUG 7868 --- [    Test worker] edFilterInvocationSecurityMetadataSource : Adding web access control expression [permitAll] for ExactUrl [processUrl='/user/login']
2024-07-03 13:16:15.156 DEBUG 7868 --- [    Test worker] edFilterInvocationSecurityMetadataSource : Adding web access control expression [permitAll] for ExactUrl [processUrl='/user/login']
2024-07-03 13:16:15.157 DEBUG 7868 --- [    Test worker] edFilterInvocationSecurityMetadataSource : Adding web access control expression [permitAll] for Ant [pattern='/user/logout']
2024-07-03 13:16:15.157 DEBUG 7868 --- [    Test worker] edFilterInvocationSecurityMetadataSource : Adding web access control expression [permitAll] for ExactUrl [processUrl='/login']
2024-07-03 13:16:15.157 DEBUG 7868 --- [    Test worker] edFilterInvocationSecurityMetadataSource : Adding web access control expression [permitAll] for Ant [pattern='/']
2024-07-03 13:16:15.159 DEBUG 7868 --- [    Test worker] edFilterInvocationSecurityMetadataSource : Adding web access control expression [permitAll] for Ant [pattern='/home']
2024-07-03 13:16:15.160 DEBUG 7868 --- [    Test worker] edFilterInvocationSecurityMetadataSource : Adding web access control expression [permitAll] for Ant [pattern='/register']
2024-07-03 13:16:15.160 DEBUG 7868 --- [    Test worker] edFilterInvocationSecurityMetadataSource : Adding web access control expression [permitAll] for Ant [pattern='/login']
2024-07-03 13:16:15.160 DEBUG 7868 --- [    Test worker] edFilterInvocationSecurityMetadataSource : Adding web access control expression [permitAll] for Ant [pattern='/css/**']
2024-07-03 13:16:15.160 DEBUG 7868 --- [    Test worker] edFilterInvocationSecurityMetadataSource : Adding web access control expression [permitAll] for Ant [pattern='/js/**']
2024-07-03 13:16:15.161 DEBUG 7868 --- [    Test worker] edFilterInvocationSecurityMetadataSource : Adding web access control expression [permitAll] for Ant [pattern='/images/**']
2024-07-03 13:16:15.161 DEBUG 7868 --- [    Test worker] edFilterInvocationSecurityMetadataSource : Adding web access control expression [permitAll] for Ant [pattern='/public/**']
2024-07-03 13:16:15.161 DEBUG 7868 --- [    Test worker] edFilterInvocationSecurityMetadataSource : Adding web access control expression [permitAll] for Ant [pattern='/user/login']
2024-07-03 13:16:15.161 DEBUG 7868 --- [    Test worker] edFilterInvocationSecurityMetadataSource : Adding web access control expression [permitAll] for Ant [pattern='/user/join']
2024-07-03 13:16:15.162 DEBUG 7868 --- [    Test worker] edFilterInvocationSecurityMetadataSource : Adding web access control expression [permitAll] for Ant [pattern='/user/home']
2024-07-03 13:16:15.163 DEBUG 7868 --- [    Test worker] edFilterInvocationSecurityMetadataSource : Adding web access control expression [hasRole('ROLE_ADMIN')] for Ant [pattern='/admin/**']
2024-07-03 13:16:15.178 DEBUG 7868 --- [    Test worker] edFilterInvocationSecurityMetadataSource : Adding web access control expression [authenticated] for any request
2024-07-03 13:16:15.194 TRACE 7868 --- [    Test worker] o.s.s.w.a.i.FilterSecurityInterceptor    : Validated configuration attributes
2024-07-03 13:16:15.196 TRACE 7868 --- [    Test worker] o.s.s.w.a.i.FilterSecurityInterceptor    : Validated configuration attributes
2024-07-03 13:16:15.313  INFO 7868 --- [    Test worker] o.s.s.web.DefaultSecurityFilterChain     : Will secure any request with [org.springframework.security.web.session.DisableEncodeUrlFilter@2b26d289, org.springframework.security.web.context.request.async.WebAsyncManagerIntegrationFilter@7f680a9a, org.springframework.security.web.context.SecurityContextPersistenceFilter@31e5d408, org.springframework.security.web.header.HeaderWriterFilter@36003e90, org.springframework.security.web.authentication.logout.LogoutFilter@39336f5, org.springframework.security.oauth2.client.web.OAuth2AuthorizationRequestRedirectFilter@4700db93, org.springframework.security.oauth2.client.web.OAuth2LoginAuthenticationFilter@4c3125ff, org.springframework.security.web.authentication.UsernamePasswordAuthenticationFilter@413a2520, org.springframework.security.web.savedrequest.RequestCacheAwareFilter@77e42cbf, org.springframework.security.web.servletapi.SecurityContextHolderAwareRequestFilter@68bef3df, org.springframework.security.web.authentication.AnonymousAuthenticationFilter@3a33d655, org.springframework.security.web.session.SessionManagementFilter@11e36e5c, org.springframework.security.web.access.ExceptionTranslationFilter@3095c449, org.springframework.security.web.access.intercept.FilterSecurityInterceptor@2d6abfc7]
2024-07-03 13:16:15.322  INFO 7868 --- [    Test worker] com.momo.momopjt.config.SecurityConfig   : ------------web configure----------
2024-07-03 13:16:17.300  INFO 7868 --- [    Test worker] o.s.b.a.w.s.WelcomePageHandlerMapping    : Adding welcome page: class path resource [static/index.html]
2024-07-03 13:16:18.516  WARN 7868 --- [    Test worker] o.s.s.c.a.web.builders.WebSecurity       : You are asking Spring Security to ignore Ant [pattern='/resources/**']. This is not recommended -- please use permitAll via HttpSecurity#authorizeHttpRequests instead.
2024-07-03 13:16:18.516  INFO 7868 --- [    Test worker] o.s.s.web.DefaultSecurityFilterChain     : Will not secure Ant [pattern='/resources/**']
2024-07-03 13:16:18.517  WARN 7868 --- [    Test worker] o.s.s.c.a.web.builders.WebSecurity       : You are asking Spring Security to ignore Ant [pattern='/static/**']. This is not recommended -- please use permitAll via HttpSecurity#authorizeHttpRequests instead.
2024-07-03 13:16:18.517  INFO 7868 --- [    Test worker] o.s.s.web.DefaultSecurityFilterChain     : Will not secure Ant [pattern='/static/**']
2024-07-03 13:16:18.517  WARN 7868 --- [    Test worker] o.s.s.c.a.web.builders.WebSecurity       : You are asking Spring Security to ignore Ant [pattern='/css/**']. This is not recommended -- please use permitAll via HttpSecurity#authorizeHttpRequests instead.
2024-07-03 13:16:18.517  INFO 7868 --- [    Test worker] o.s.s.web.DefaultSecurityFilterChain     : Will not secure Ant [pattern='/css/**']
2024-07-03 13:16:18.517  WARN 7868 --- [    Test worker] o.s.s.c.a.web.builders.WebSecurity       : You are asking Spring Security to ignore Ant [pattern='/js/**']. This is not recommended -- please use permitAll via HttpSecurity#authorizeHttpRequests instead.
2024-07-03 13:16:18.517  INFO 7868 --- [    Test worker] o.s.s.web.DefaultSecurityFilterChain     : Will not secure Ant [pattern='/js/**']
2024-07-03 13:16:18.517  WARN 7868 --- [    Test worker] o.s.s.c.a.web.builders.WebSecurity       : You are asking Spring Security to ignore Ant [pattern='/images/**']. This is not recommended -- please use permitAll via HttpSecurity#authorizeHttpRequests instead.
2024-07-03 13:16:18.518  INFO 7868 --- [    Test worker] o.s.s.web.DefaultSecurityFilterChain     : Will not secure Ant [pattern='/images/**']
2024-07-03 13:16:19.999  INFO 7868 --- [    Test worker] com.momo.momopjt.UserTests               : Started UserTests in 19.233 seconds (JVM running for 22.468)
2016-10-31
2024-07-03 13:16:20.585  INFO 7868 --- [    Test worker] com.momo.momopjt.UserTests               : -------- [06-28-11:17:45]-------you
Hibernate: 
    select
        user0_.user_no as user_no1_0_0_,
        user0_.user_address as user_add2_0_0_,
        user0_.user_age as user_age3_0_0_,
        user0_.user_birth as user_bir4_0_0_,
        user0_.user_category as user_cat5_0_0_,
        user0_.user_create_date as user_cre6_0_0_,
        user0_.user_email as user_ema7_0_0_,
        user0_.user_gender as user_gen8_0_0_,
        user0_.user_id as user_id9_0_0_,
        user0_.user_like_number as user_li10_0_0_,
        user0_.user_mbti as user_mb11_0_0_,
        user0_.user_modify_date as user_mo12_0_0_,
        user0_.user_nickname as user_ni13_0_0_,
        user0_.user_photo as user_ph14_0_0_,
        user0_.user_pw as user_pw15_0_0_,
        user0_.user_social as user_so16_0_0_,
        user0_.user_state as user_st17_0_0_ 
    from
        user user0_ 
    where
        user0_.user_no=?
Hibernate: 
    select
        roleset0_.user_user_no as user_use1_1_0_,
        roleset0_.role_set as role_set2_1_0_ 
    from
        user_role_set roleset0_ 
    where
        roleset0_.user_user_no=?
Hibernate: 
    update
        user 
    set
        user_address=?,
        user_age=?,
        user_birth=?,
        user_category=?,
        user_create_date=?,
        user_email=?,
        user_gender=?,
        user_id=?,
        user_like_number=?,
        user_mbti=?,
        user_modify_date=?,
        user_nickname=?,
        user_photo=?,
        user_pw=?,
        user_social=?,
        user_state=? 
    where
        user_no=?
Hibernate: 
    delete 
    from
        user_role_set 
    where
        user_user_no=?
]]></system-out>
  <system-err><![CDATA[]]></system-err>
</testsuite>
