<?xml version="1.0" encoding="UTF-8"?>
<testsuite name="com.momo.momopjt.UserTests" tests="1" skipped="0" failures="0" errors="0" timestamp="2024-06-30T14:22:57" hostname="BOOK-S89DGQF9UG" time="0.439">
  <properties/>
  <testcase name="회원탈퇴테스트()" classname="com.momo.momopjt.UserTests" time="0.439"/>
  <system-out><![CDATA[23:22:49.241 [Test worker] DEBUG org.springframework.test.context.BootstrapUtils - Instantiating CacheAwareContextLoaderDelegate from class [org.springframework.test.context.cache.DefaultCacheAwareContextLoaderDelegate]
23:22:49.248 [Test worker] DEBUG org.springframework.test.context.BootstrapUtils - Instantiating BootstrapContext using constructor [public org.springframework.test.context.support.DefaultBootstrapContext(java.lang.Class,org.springframework.test.context.CacheAwareContextLoaderDelegate)]
23:22:49.277 [Test worker] DEBUG org.springframework.test.context.BootstrapUtils - Instantiating TestContextBootstrapper for test class [com.momo.momopjt.UserTests] from class [org.springframework.boot.test.context.SpringBootTestContextBootstrapper]
23:22:49.289 [Test worker] DEBUG org.springframework.test.context.support.AbstractContextLoader - Did not detect default resource location for test class [com.momo.momopjt.UserTests]: class path resource [com/momo/momopjt/UserTests-context.xml] does not exist
23:22:49.290 [Test worker] DEBUG org.springframework.test.context.support.AbstractContextLoader - Did not detect default resource location for test class [com.momo.momopjt.UserTests]: class path resource [com/momo/momopjt/UserTestsContext.groovy] does not exist
23:22:49.290 [Test worker] INFO org.springframework.test.context.support.AbstractContextLoader - Could not detect default resource locations for test class [com.momo.momopjt.UserTests]: no resource found for suffixes {-context.xml, Context.groovy}.
23:22:49.335 [Test worker] DEBUG org.springframework.test.context.support.ActiveProfilesUtils - Could not find an 'annotation declaring class' for annotation type [org.springframework.test.context.ActiveProfiles] and class [com.momo.momopjt.UserTests]
23:22:49.456 [Test worker] DEBUG org.springframework.boot.test.context.SpringBootTestContextBootstrapper - @TestExecutionListeners is not present for class [com.momo.momopjt.UserTests]: using defaults.
23:22:49.456 [Test worker] INFO org.springframework.boot.test.context.SpringBootTestContextBootstrapper - Loaded default TestExecutionListener class names from location [META-INF/spring.factories]: [org.springframework.security.test.context.support.WithSecurityContextTestExecutionListener, org.springframework.security.test.context.support.ReactorContextTestExecutionListener, org.springframework.boot.test.autoconfigure.restdocs.RestDocsTestExecutionListener, org.springframework.boot.test.autoconfigure.web.client.MockRestServiceServerResetTestExecutionListener, org.springframework.boot.test.autoconfigure.web.servlet.MockMvcPrintOnlyOnFailureTestExecutionListener, org.springframework.boot.test.autoconfigure.web.servlet.WebDriverTestExecutionListener, org.springframework.boot.test.autoconfigure.webservices.client.MockWebServiceServerTestExecutionListener, org.springframework.boot.test.mock.mockito.MockitoTestExecutionListener, org.springframework.boot.test.mock.mockito.ResetMocksTestExecutionListener, org.springframework.test.context.web.ServletTestExecutionListener, org.springframework.test.context.support.DirtiesContextBeforeModesTestExecutionListener, org.springframework.test.context.event.ApplicationEventsTestExecutionListener, org.springframework.test.context.support.DependencyInjectionTestExecutionListener, org.springframework.test.context.support.DirtiesContextTestExecutionListener, org.springframework.test.context.transaction.TransactionalTestExecutionListener, org.springframework.test.context.jdbc.SqlScriptsTestExecutionListener, org.springframework.test.context.event.EventPublishingTestExecutionListener]
23:22:49.469 [Test worker] INFO org.springframework.boot.test.context.SpringBootTestContextBootstrapper - Using TestExecutionListeners: [org.springframework.test.context.web.ServletTestExecutionListener@78e16155, org.springframework.test.context.support.DirtiesContextBeforeModesTestExecutionListener@54a3ab8f, org.springframework.test.context.event.ApplicationEventsTestExecutionListener@1968a49c, org.springframework.boot.test.mock.mockito.MockitoTestExecutionListener@6a1ebcff, org.springframework.boot.test.autoconfigure.SpringBootDependencyInjectionTestExecutionListener@19868320, org.springframework.test.context.support.DirtiesContextTestExecutionListener@50b0bc4c, org.springframework.test.context.transaction.TransactionalTestExecutionListener@c20be82, org.springframework.test.context.jdbc.SqlScriptsTestExecutionListener@13c612bd, org.springframework.security.test.context.support.WithSecurityContextTestExecutionListener@3ef41c66, org.springframework.test.context.event.EventPublishingTestExecutionListener@6b739528, org.springframework.security.test.context.support.ReactorContextTestExecutionListener@622ef26a, org.springframework.boot.test.autoconfigure.restdocs.RestDocsTestExecutionListener@41de5768, org.springframework.boot.test.autoconfigure.web.client.MockRestServiceServerResetTestExecutionListener@5f577419, org.springframework.boot.test.autoconfigure.web.servlet.MockMvcPrintOnlyOnFailureTestExecutionListener@28fa700e, org.springframework.boot.test.autoconfigure.web.servlet.WebDriverTestExecutionListener@3d526ad9, org.springframework.boot.test.autoconfigure.webservices.client.MockWebServiceServerTestExecutionListener@e041f0c, org.springframework.boot.test.mock.mockito.ResetMocksTestExecutionListener@6a175569]
23:22:49.471 [Test worker] DEBUG org.springframework.test.context.support.AbstractDirtiesContextTestExecutionListener - Before test class: context [DefaultTestContext@2e6ee0bc testClass = UserTests, testInstance = [null], testMethod = [null], testException = [null], mergedContextConfiguration = [WebMergedContextConfiguration@4201a617 testClass = UserTests, locations = '{}', classes = '{class com.momo.momopjt.MomoApplication}', contextInitializerClasses = '[]', activeProfiles = '{}', propertySourceLocations = '{}', propertySourceProperties = '{org.springframework.boot.test.context.SpringBootTestContextBootstrapper=true}', contextCustomizers = set[org.springframework.boot.test.autoconfigure.actuate.metrics.MetricsExportContextCustomizerFactory$DisableMetricExportContextCustomizer@293d0107, org.springframework.boot.test.autoconfigure.properties.PropertyMappingContextCustomizer@0, org.springframework.boot.test.autoconfigure.web.servlet.WebDriverContextCustomizerFactory$Customizer@1c55f277, org.springframework.boot.test.context.filter.ExcludeFilterContextCustomizer@58e6d4b8, org.springframework.boot.test.json.DuplicateJsonObjectContextCustomizerFactory$DuplicateJsonObjectContextCustomizer@5ef0d29e, org.springframework.boot.test.mock.mockito.MockitoContextCustomizer@0, org.springframework.boot.test.web.client.TestRestTemplateContextCustomizer@1d7f7be7, org.springframework.boot.test.context.SpringBootTestArgs@1, org.springframework.boot.test.context.SpringBootTestWebEnvironment@1205bd62], resourceBasePath = 'src/main/webapp', contextLoader = 'org.springframework.boot.test.context.SpringBootContextLoader', parent = [null]], attributes = map['org.springframework.test.context.web.ServletTestExecutionListener.activateListener' -> true]], class annotated with @DirtiesContext [false] with mode [null].

  .   ____          _            __ _ _
 /\\ / ___'_ __ _ _(_)_ __  __ _ \ \ \ \
( ( )\___ | '_ | '_| | '_ \/ _` | \ \ \ \
 \\/  ___)| |_)| | | | | || (_| |  ) ) ) )
  '  |____| .__|_| |_|_| |_\__, | / / / /
 =========|_|==============|___/=/_/_/_/
 :: Spring Boot ::                (v2.7.5)

2024-06-30 23:22:49.810  INFO 31916 --- [    Test worker] com.momo.momopjt.UserTests               : Starting UserTests using Java 11.0.23 on BOOK-S89DGQF9UG with PID 31916 (started by jeong in C:\home\study\momopjt)
2024-06-30 23:22:49.811 DEBUG 31916 --- [    Test worker] com.momo.momopjt.UserTests               : Running with Spring Boot v2.7.5, Spring v5.3.23
2024-06-30 23:22:49.811  INFO 31916 --- [    Test worker] com.momo.momopjt.UserTests               : No active profile set, falling back to 1 default profile: "default"
2024-06-30 23:22:51.050  INFO 31916 --- [    Test worker] .s.d.r.c.RepositoryConfigurationDelegate : Bootstrapping Spring Data JPA repositories in DEFAULT mode.
2024-06-30 23:22:51.088  INFO 31916 --- [    Test worker] .s.d.r.c.RepositoryConfigurationDelegate : Finished Spring Data repository scanning in 32 ms. Found 1 JPA repository interfaces.
2024-06-30 23:22:51.948  INFO 31916 --- [    Test worker] o.hibernate.jpa.internal.util.LogHelper  : HHH000204: Processing PersistenceUnitInfo [name: default]
2024-06-30 23:22:52.009  INFO 31916 --- [    Test worker] org.hibernate.Version                    : HHH000412: Hibernate ORM core version 5.6.12.Final
2024-06-30 23:22:52.209  INFO 31916 --- [    Test worker] o.hibernate.annotations.common.Version   : HCANN000001: Hibernate Commons Annotations {5.1.2.Final}
2024-06-30 23:22:52.352  INFO 31916 --- [    Test worker] com.zaxxer.hikari.HikariDataSource       : HikariPool-1 - Starting...
2024-06-30 23:22:52.426  INFO 31916 --- [    Test worker] com.zaxxer.hikari.HikariDataSource       : HikariPool-1 - Start completed.
2024-06-30 23:22:52.439  INFO 31916 --- [    Test worker] org.hibernate.dialect.Dialect            : HHH000400: Using dialect: org.hibernate.dialect.MariaDBDialect
2024-06-30 23:22:53.180  INFO 31916 --- [    Test worker] o.h.e.t.j.p.i.JtaPlatformInitiator       : HHH000490: Using JtaPlatform implementation: [org.hibernate.engine.transaction.jta.platform.internal.NoJtaPlatform]
2024-06-30 23:22:53.186  INFO 31916 --- [    Test worker] j.LocalContainerEntityManagerFactoryBean : Initialized JPA EntityManagerFactory for persistence unit 'default'
2024-06-30 23:22:54.590 DEBUG 31916 --- [    Test worker] .PrePostAnnotationSecurityMetadataSource : @org.springframework.security.access.prepost.PreAuthorize(value="hasRole('USER')") found on: com.momo.momopjt.controller.ClubController
2024-06-30 23:22:54.622 DEBUG 31916 --- [    Test worker] m.DelegatingMethodSecurityMetadataSource : Caching method [CacheKey[com.momo.momopjt.controller.ClubController; public void com.momo.momopjt.controller.ClubController.loginGet(java.lang.String,java.lang.String)]] with attributes [[authorize: 'hasRole('USER')', filter: 'null', filterTarget: 'null']]
2024-06-30 23:22:54.655 TRACE 31916 --- [    Test worker] o.s.s.a.i.a.MethodSecurityInterceptor    : Validated configuration attributes
2024-06-30 23:22:54.671 DEBUG 31916 --- [    Test worker] .PrePostAnnotationSecurityMetadataSource : @org.springframework.security.access.prepost.PreAuthorize(value="hasRole('USER')") found on: com.momo.momopjt.controller.ClubController
2024-06-30 23:22:54.672 DEBUG 31916 --- [    Test worker] m.DelegatingMethodSecurityMetadataSource : Caching method [CacheKey[com.momo.momopjt.controller.ClubController; public void com.momo.momopjt.controller.ClubController.registerGET()]] with attributes [[authorize: 'hasRole('USER')', filter: 'null', filterTarget: 'null']]
2024-06-30 23:22:54.673 DEBUG 31916 --- [    Test worker] .PrePostAnnotationSecurityMetadataSource : @org.springframework.security.access.prepost.PreAuthorize(value="hasRole('USER')") found on: com.momo.momopjt.controller.ClubController
2024-06-30 23:22:54.673 DEBUG 31916 --- [    Test worker] m.DelegatingMethodSecurityMetadataSource : Caching method [CacheKey[com.momo.momopjt.controller.ClubController; public java.lang.String com.momo.momopjt.controller.ClubController.registerPOST()]] with attributes [[authorize: 'hasRole('USER')', filter: 'null', filterTarget: 'null']]
2024-06-30 23:22:55.344  WARN 31916 --- [    Test worker] JpaBaseConfiguration$JpaWebConfiguration : spring.jpa.open-in-view is enabled by default. Therefore, database queries may be performed during view rendering. Explicitly configure spring.jpa.open-in-view to disable this warning
2024-06-30 23:22:55.989 TRACE 31916 --- [    Test worker] eGlobalAuthenticationAutowiredConfigurer : Eagerly initializing {securityConfig=com.momo.momopjt.config.SecurityConfig$$EnhancerBySpringCGLIB$$d5efb4b9@40c92dfa, org.springframework.boot.autoconfigure.security.servlet.SpringBootWebSecurityConfiguration$WebSecurityEnablerConfiguration=org.springframework.boot.autoconfigure.security.servlet.SpringBootWebSecurityConfiguration$WebSecurityEnablerConfiguration@7c046af}
2024-06-30 23:22:56.129  INFO 31916 --- [    Test worker] com.momo.momopjt.config.SecurityConfig   : ------------configure----------------
2024-06-30 23:22:56.271 DEBUG 31916 --- [    Test worker] edFilterInvocationSecurityMetadataSource : Adding web access control expression [permitAll] for ExactUrl [processUrl='/user/login?error']
2024-06-30 23:22:56.272 DEBUG 31916 --- [    Test worker] edFilterInvocationSecurityMetadataSource : Adding web access control expression [permitAll] for ExactUrl [processUrl='/user/login']
2024-06-30 23:22:56.273 DEBUG 31916 --- [    Test worker] edFilterInvocationSecurityMetadataSource : Adding web access control expression [permitAll] for ExactUrl [processUrl='/user/login']
2024-06-30 23:22:56.273 DEBUG 31916 --- [    Test worker] edFilterInvocationSecurityMetadataSource : Adding web access control expression [permitAll] for Ant [pattern='/user/logout']
2024-06-30 23:22:56.273 DEBUG 31916 --- [    Test worker] edFilterInvocationSecurityMetadataSource : Adding web access control expression [permitAll] for ExactUrl [processUrl='/login']
2024-06-30 23:22:56.273 DEBUG 31916 --- [    Test worker] edFilterInvocationSecurityMetadataSource : Adding web access control expression [permitAll] for Ant [pattern='/']
2024-06-30 23:22:56.274 DEBUG 31916 --- [    Test worker] edFilterInvocationSecurityMetadataSource : Adding web access control expression [permitAll] for Ant [pattern='/home']
2024-06-30 23:22:56.274 DEBUG 31916 --- [    Test worker] edFilterInvocationSecurityMetadataSource : Adding web access control expression [permitAll] for Ant [pattern='/register']
2024-06-30 23:22:56.274 DEBUG 31916 --- [    Test worker] edFilterInvocationSecurityMetadataSource : Adding web access control expression [permitAll] for Ant [pattern='/login']
2024-06-30 23:22:56.275 DEBUG 31916 --- [    Test worker] edFilterInvocationSecurityMetadataSource : Adding web access control expression [permitAll] for Ant [pattern='/public/**']
2024-06-30 23:22:56.275 DEBUG 31916 --- [    Test worker] edFilterInvocationSecurityMetadataSource : Adding web access control expression [permitAll] for Ant [pattern='/user/login']
2024-06-30 23:22:56.275 DEBUG 31916 --- [    Test worker] edFilterInvocationSecurityMetadataSource : Adding web access control expression [permitAll] for Ant [pattern='/user/join']
2024-06-30 23:22:56.275 DEBUG 31916 --- [    Test worker] edFilterInvocationSecurityMetadataSource : Adding web access control expression [permitAll] for Ant [pattern='/user/home']
2024-06-30 23:22:56.275 DEBUG 31916 --- [    Test worker] edFilterInvocationSecurityMetadataSource : Adding web access control expression [hasRole('ROLE_ADMIN')] for Ant [pattern='/admin/**']
2024-06-30 23:22:56.275 DEBUG 31916 --- [    Test worker] edFilterInvocationSecurityMetadataSource : Adding web access control expression [authenticated] for any request
2024-06-30 23:22:56.291 TRACE 31916 --- [    Test worker] o.s.s.w.a.i.FilterSecurityInterceptor    : Validated configuration attributes
2024-06-30 23:22:56.292 TRACE 31916 --- [    Test worker] o.s.s.w.a.i.FilterSecurityInterceptor    : Validated configuration attributes
2024-06-30 23:22:56.312  INFO 31916 --- [    Test worker] o.s.s.web.DefaultSecurityFilterChain     : Will secure any request with [org.springframework.security.web.session.DisableEncodeUrlFilter@33ed6546, org.springframework.security.web.context.request.async.WebAsyncManagerIntegrationFilter@54d62c35, org.springframework.security.web.context.SecurityContextPersistenceFilter@6bf27411, org.springframework.security.web.header.HeaderWriterFilter@159e9629, org.springframework.security.web.csrf.CsrfFilter@56114349, org.springframework.security.web.authentication.logout.LogoutFilter@1efa258e, org.springframework.security.web.authentication.UsernamePasswordAuthenticationFilter@1147ab09, org.springframework.security.web.savedrequest.RequestCacheAwareFilter@57d8d8e2, org.springframework.security.web.servletapi.SecurityContextHolderAwareRequestFilter@2f726cf4, org.springframework.security.web.authentication.AnonymousAuthenticationFilter@5eb4b746, org.springframework.security.web.session.SessionManagementFilter@31d51518, org.springframework.security.web.access.ExceptionTranslationFilter@7a14d8a4, org.springframework.security.web.access.intercept.FilterSecurityInterceptor@5fc3dfc1]
2024-06-30 23:22:56.316  INFO 31916 --- [    Test worker] com.momo.momopjt.config.SecurityConfig   : ------------web configure----------
2024-06-30 23:22:57.097  INFO 31916 --- [    Test worker] o.s.b.a.w.s.WelcomePageHandlerMapping    : Adding welcome page: class path resource [static/index.html]
2024-06-30 23:22:57.644  WARN 31916 --- [    Test worker] o.s.s.c.a.web.builders.WebSecurity       : You are asking Spring Security to ignore Ant [pattern='/resources/**']. This is not recommended -- please use permitAll via HttpSecurity#authorizeHttpRequests instead.
2024-06-30 23:22:57.645  INFO 31916 --- [    Test worker] o.s.s.web.DefaultSecurityFilterChain     : Will not secure Ant [pattern='/resources/**']
2024-06-30 23:22:57.645  WARN 31916 --- [    Test worker] o.s.s.c.a.web.builders.WebSecurity       : You are asking Spring Security to ignore Ant [pattern='/static/**']. This is not recommended -- please use permitAll via HttpSecurity#authorizeHttpRequests instead.
2024-06-30 23:22:57.646  INFO 31916 --- [    Test worker] o.s.s.web.DefaultSecurityFilterChain     : Will not secure Ant [pattern='/static/**']
2024-06-30 23:22:57.646  WARN 31916 --- [    Test worker] o.s.s.c.a.web.builders.WebSecurity       : You are asking Spring Security to ignore Ant [pattern='/css/**']. This is not recommended -- please use permitAll via HttpSecurity#authorizeHttpRequests instead.
2024-06-30 23:22:57.646  INFO 31916 --- [    Test worker] o.s.s.web.DefaultSecurityFilterChain     : Will not secure Ant [pattern='/css/**']
2024-06-30 23:22:57.646  WARN 31916 --- [    Test worker] o.s.s.c.a.web.builders.WebSecurity       : You are asking Spring Security to ignore Ant [pattern='/js/**']. This is not recommended -- please use permitAll via HttpSecurity#authorizeHttpRequests instead.
2024-06-30 23:22:57.646  INFO 31916 --- [    Test worker] o.s.s.web.DefaultSecurityFilterChain     : Will not secure Ant [pattern='/js/**']
2024-06-30 23:22:57.646  WARN 31916 --- [    Test worker] o.s.s.c.a.web.builders.WebSecurity       : You are asking Spring Security to ignore Ant [pattern='/images/**']. This is not recommended -- please use permitAll via HttpSecurity#authorizeHttpRequests instead.
2024-06-30 23:22:57.646  INFO 31916 --- [    Test worker] o.s.s.web.DefaultSecurityFilterChain     : Will not secure Ant [pattern='/images/**']
2024-06-30 23:22:57.918  INFO 31916 --- [    Test worker] com.momo.momopjt.UserTests               : Started UserTests in 8.392 seconds (JVM running for 9.515)
Hibernate: 
    select
        user0_.user_no as user_no1_0_,
        user0_.user_address as user_add2_0_,
        user0_.user_age as user_age3_0_,
        user0_.user_birth as user_bir4_0_,
        user0_.user_category as user_cat5_0_,
        user0_.user_create_date as user_cre6_0_,
        user0_.user_email as user_ema7_0_,
        user0_.user_gender as user_gen8_0_,
        user0_.user_id as user_id9_0_,
        user0_.user_like_number as user_li10_0_,
        user0_.user_mbti as user_mb11_0_,
        user0_.user_modify_date as user_mo12_0_,
        user0_.user_nickname as user_ni13_0_,
        user0_.user_photo as user_ph14_0_,
        user0_.user_pw as user_pw15_0_,
        user0_.user_social as user_so16_0_,
        user0_.user_state as user_st17_0_,
        roleset1_.user_user_no as user_use1_1_0__,
        roleset1_.role_set as role_set2_1_0__ 
    from
        user user0_ 
    left outer join
        user_role_set roleset1_ 
            on user0_.user_no=roleset1_.user_user_no 
    where
        user0_.user_id=? 
        and user0_.user_social='M'
Hibernate: 
    select
        user0_.user_no as user_no1_0_0_,
        user0_.user_address as user_add2_0_0_,
        user0_.user_age as user_age3_0_0_,
        user0_.user_birth as user_bir4_0_0_,
        user0_.user_category as user_cat5_0_0_,
        user0_.user_create_date as user_cre6_0_0_,
        user0_.user_email as user_ema7_0_0_,
        user0_.user_gender as user_gen8_0_0_,
        user0_.user_id as user_id9_0_0_,
        user0_.user_like_number as user_li10_0_0_,
        user0_.user_mbti as user_mb11_0_0_,
        user0_.user_modify_date as user_mo12_0_0_,
        user0_.user_nickname as user_ni13_0_0_,
        user0_.user_photo as user_ph14_0_0_,
        user0_.user_pw as user_pw15_0_0_,
        user0_.user_social as user_so16_0_0_,
        user0_.user_state as user_st17_0_0_ 
    from
        user user0_ 
    where
        user0_.user_no=?
Hibernate: 
    delete 
    from
        user_role_set 
    where
        user_user_no=?
Hibernate: 
    delete 
    from
        user 
    where
        user_no=?
Hibernate: 
    select
        user0_.user_no as user_no1_0_0_,
        user0_.user_address as user_add2_0_0_,
        user0_.user_age as user_age3_0_0_,
        user0_.user_birth as user_bir4_0_0_,
        user0_.user_category as user_cat5_0_0_,
        user0_.user_create_date as user_cre6_0_0_,
        user0_.user_email as user_ema7_0_0_,
        user0_.user_gender as user_gen8_0_0_,
        user0_.user_id as user_id9_0_0_,
        user0_.user_like_number as user_li10_0_0_,
        user0_.user_mbti as user_mb11_0_0_,
        user0_.user_modify_date as user_mo12_0_0_,
        user0_.user_nickname as user_ni13_0_0_,
        user0_.user_photo as user_ph14_0_0_,
        user0_.user_pw as user_pw15_0_0_,
        user0_.user_social as user_so16_0_0_,
        user0_.user_state as user_st17_0_0_ 
    from
        user user0_ 
    where
        user0_.user_no=?
]]></system-out>
  <system-err><![CDATA[]]></system-err>
</testsuite>
