<?xml version="1.0" encoding="UTF-8"?>
<testsuite name="com.momo.momopjt.UserTests" tests="1" skipped="0" failures="0" errors="0" timestamp="2024-07-03T03:15:02" hostname="BOOK-S89DGQF9UG" time="6.221">
  <properties/>
  <testcase name="insertUserTests()" classname="com.momo.momopjt.UserTests" time="6.221"/>
  <system-out><![CDATA[12:14:57.173 [Test worker] DEBUG org.springframework.test.context.BootstrapUtils - Instantiating CacheAwareContextLoaderDelegate from class [org.springframework.test.context.cache.DefaultCacheAwareContextLoaderDelegate]
12:14:57.182 [Test worker] DEBUG org.springframework.test.context.BootstrapUtils - Instantiating BootstrapContext using constructor [public org.springframework.test.context.support.DefaultBootstrapContext(java.lang.Class,org.springframework.test.context.CacheAwareContextLoaderDelegate)]
12:14:57.207 [Test worker] DEBUG org.springframework.test.context.BootstrapUtils - Instantiating TestContextBootstrapper for test class [com.momo.momopjt.UserTests] from class [org.springframework.boot.test.context.SpringBootTestContextBootstrapper]
12:14:57.220 [Test worker] DEBUG org.springframework.test.context.support.AbstractContextLoader - Did not detect default resource location for test class [com.momo.momopjt.UserTests]: class path resource [com/momo/momopjt/UserTests-context.xml] does not exist
12:14:57.220 [Test worker] DEBUG org.springframework.test.context.support.AbstractContextLoader - Did not detect default resource location for test class [com.momo.momopjt.UserTests]: class path resource [com/momo/momopjt/UserTestsContext.groovy] does not exist
12:14:57.220 [Test worker] INFO org.springframework.test.context.support.AbstractContextLoader - Could not detect default resource locations for test class [com.momo.momopjt.UserTests]: no resource found for suffixes {-context.xml, Context.groovy}.
12:14:57.257 [Test worker] DEBUG org.springframework.test.context.support.ActiveProfilesUtils - Could not find an 'annotation declaring class' for annotation type [org.springframework.test.context.ActiveProfiles] and class [com.momo.momopjt.UserTests]
12:14:57.354 [Test worker] DEBUG org.springframework.boot.test.context.SpringBootTestContextBootstrapper - @TestExecutionListeners is not present for class [com.momo.momopjt.UserTests]: using defaults.
12:14:57.355 [Test worker] INFO org.springframework.boot.test.context.SpringBootTestContextBootstrapper - Loaded default TestExecutionListener class names from location [META-INF/spring.factories]: [org.springframework.security.test.context.support.WithSecurityContextTestExecutionListener, org.springframework.security.test.context.support.ReactorContextTestExecutionListener, org.springframework.boot.test.autoconfigure.restdocs.RestDocsTestExecutionListener, org.springframework.boot.test.autoconfigure.web.client.MockRestServiceServerResetTestExecutionListener, org.springframework.boot.test.autoconfigure.web.servlet.MockMvcPrintOnlyOnFailureTestExecutionListener, org.springframework.boot.test.autoconfigure.web.servlet.WebDriverTestExecutionListener, org.springframework.boot.test.autoconfigure.webservices.client.MockWebServiceServerTestExecutionListener, org.springframework.boot.test.mock.mockito.MockitoTestExecutionListener, org.springframework.boot.test.mock.mockito.ResetMocksTestExecutionListener, org.springframework.test.context.web.ServletTestExecutionListener, org.springframework.test.context.support.DirtiesContextBeforeModesTestExecutionListener, org.springframework.test.context.event.ApplicationEventsTestExecutionListener, org.springframework.test.context.support.DependencyInjectionTestExecutionListener, org.springframework.test.context.support.DirtiesContextTestExecutionListener, org.springframework.test.context.transaction.TransactionalTestExecutionListener, org.springframework.test.context.jdbc.SqlScriptsTestExecutionListener, org.springframework.test.context.event.EventPublishingTestExecutionListener]
12:14:57.367 [Test worker] INFO org.springframework.boot.test.context.SpringBootTestContextBootstrapper - Using TestExecutionListeners: [org.springframework.test.context.web.ServletTestExecutionListener@6a1ebcff, org.springframework.test.context.support.DirtiesContextBeforeModesTestExecutionListener@19868320, org.springframework.test.context.event.ApplicationEventsTestExecutionListener@50b0bc4c, org.springframework.boot.test.mock.mockito.MockitoTestExecutionListener@c20be82, org.springframework.boot.test.autoconfigure.SpringBootDependencyInjectionTestExecutionListener@13c612bd, org.springframework.test.context.support.DirtiesContextTestExecutionListener@3ef41c66, org.springframework.test.context.transaction.TransactionalTestExecutionListener@6b739528, org.springframework.test.context.jdbc.SqlScriptsTestExecutionListener@622ef26a, org.springframework.security.test.context.support.WithSecurityContextTestExecutionListener@41de5768, org.springframework.test.context.event.EventPublishingTestExecutionListener@5f577419, org.springframework.security.test.context.support.ReactorContextTestExecutionListener@28fa700e, org.springframework.boot.test.autoconfigure.restdocs.RestDocsTestExecutionListener@3d526ad9, org.springframework.boot.test.autoconfigure.web.client.MockRestServiceServerResetTestExecutionListener@e041f0c, org.springframework.boot.test.autoconfigure.web.servlet.MockMvcPrintOnlyOnFailureTestExecutionListener@6a175569, org.springframework.boot.test.autoconfigure.web.servlet.WebDriverTestExecutionListener@11963225, org.springframework.boot.test.autoconfigure.webservices.client.MockWebServiceServerTestExecutionListener@3f3c966c, org.springframework.boot.test.mock.mockito.ResetMocksTestExecutionListener@11ee02f8]
12:14:57.371 [Test worker] DEBUG org.springframework.test.context.support.AbstractDirtiesContextTestExecutionListener - Before test class: context [DefaultTestContext@1bb9aa43 testClass = UserTests, testInstance = [null], testMethod = [null], testException = [null], mergedContextConfiguration = [WebMergedContextConfiguration@420bc288 testClass = UserTests, locations = '{}', classes = '{class com.momo.momopjt.MomoApplication}', contextInitializerClasses = '[]', activeProfiles = '{}', propertySourceLocations = '{}', propertySourceProperties = '{org.springframework.boot.test.context.SpringBootTestContextBootstrapper=true}', contextCustomizers = set[org.springframework.boot.test.autoconfigure.actuate.metrics.MetricsExportContextCustomizerFactory$DisableMetricExportContextCustomizer@62fad19, org.springframework.boot.test.autoconfigure.properties.PropertyMappingContextCustomizer@0, org.springframework.boot.test.autoconfigure.web.servlet.WebDriverContextCustomizerFactory$Customizer@63192798, org.springframework.boot.test.context.filter.ExcludeFilterContextCustomizer@28d6290, org.springframework.boot.test.json.DuplicateJsonObjectContextCustomizerFactory$DuplicateJsonObjectContextCustomizer@3ce3db41, org.springframework.boot.test.mock.mockito.MockitoContextCustomizer@0, org.springframework.boot.test.web.client.TestRestTemplateContextCustomizer@427b5f92, org.springframework.boot.test.context.SpringBootTestArgs@1, org.springframework.boot.test.context.SpringBootTestWebEnvironment@b83a9be], resourceBasePath = 'src/main/webapp', contextLoader = 'org.springframework.boot.test.context.SpringBootContextLoader', parent = [null]], attributes = map['org.springframework.test.context.web.ServletTestExecutionListener.activateListener' -> true]], class annotated with @DirtiesContext [false] with mode [null].

  .   ____          _            __ _ _
 /\\ / ___'_ __ _ _(_)_ __  __ _ \ \ \ \
( ( )\___ | '_ | '_| | '_ \/ _` | \ \ \ \
 \\/  ___)| |_)| | | | | || (_| |  ) ) ) )
  '  |____| .__|_| |_|_| |_\__, | / / / /
 =========|_|==============|___/=/_/_/_/
 :: Spring Boot ::                (v2.7.5)

2024-07-03 12:14:57.673  INFO 100360 --- [    Test worker] com.momo.momopjt.UserTests               : Starting UserTests using Java 11.0.23 on BOOK-S89DGQF9UG with PID 100360 (started by jeong in C:\home\study\momopjt)
2024-07-03 12:14:57.674 DEBUG 100360 --- [    Test worker] com.momo.momopjt.UserTests               : Running with Spring Boot v2.7.5, Spring v5.3.23
2024-07-03 12:14:57.675  INFO 100360 --- [    Test worker] com.momo.momopjt.UserTests               : No active profile set, falling back to 1 default profile: "default"
2024-07-03 12:14:58.671  INFO 100360 --- [    Test worker] .s.d.r.c.RepositoryConfigurationDelegate : Bootstrapping Spring Data JPA repositories in DEFAULT mode.
2024-07-03 12:14:58.718  INFO 100360 --- [    Test worker] .s.d.r.c.RepositoryConfigurationDelegate : Finished Spring Data repository scanning in 40 ms. Found 1 JPA repository interfaces.
2024-07-03 12:14:59.346  INFO 100360 --- [    Test worker] o.hibernate.jpa.internal.util.LogHelper  : HHH000204: Processing PersistenceUnitInfo [name: default]
2024-07-03 12:14:59.406  INFO 100360 --- [    Test worker] org.hibernate.Version                    : HHH000412: Hibernate ORM core version 5.6.12.Final
2024-07-03 12:14:59.548  INFO 100360 --- [    Test worker] o.hibernate.annotations.common.Version   : HCANN000001: Hibernate Commons Annotations {5.1.2.Final}
2024-07-03 12:14:59.644  INFO 100360 --- [    Test worker] com.zaxxer.hikari.HikariDataSource       : HikariPool-1 - Starting...
2024-07-03 12:14:59.714  INFO 100360 --- [    Test worker] com.zaxxer.hikari.HikariDataSource       : HikariPool-1 - Start completed.
2024-07-03 12:14:59.731  INFO 100360 --- [    Test worker] org.hibernate.dialect.Dialect            : HHH000400: Using dialect: org.hibernate.dialect.MariaDBDialect
2024-07-03 12:15:00.282  INFO 100360 --- [    Test worker] o.h.e.t.j.p.i.JtaPlatformInitiator       : HHH000490: Using JtaPlatform implementation: [org.hibernate.engine.transaction.jta.platform.internal.NoJtaPlatform]
2024-07-03 12:15:00.288  INFO 100360 --- [    Test worker] j.LocalContainerEntityManagerFactoryBean : Initialized JPA EntityManagerFactory for persistence unit 'default'
2024-07-03 12:15:00.919  WARN 100360 --- [    Test worker] JpaBaseConfiguration$JpaWebConfiguration : spring.jpa.open-in-view is enabled by default. Therefore, database queries may be performed during view rendering. Explicitly configure spring.jpa.open-in-view to disable this warning
2024-07-03 12:15:01.252 TRACE 100360 --- [    Test worker] o.s.s.a.i.a.MethodSecurityInterceptor    : Validated configuration attributes
2024-07-03 12:15:01.264 TRACE 100360 --- [    Test worker] eGlobalAuthenticationAutowiredConfigurer : Eagerly initializing {securityConfig=com.momo.momopjt.config.SecurityConfig$$EnhancerBySpringCGLIB$$9ee83f68@12ebcdf6, org.springframework.boot.autoconfigure.security.servlet.SpringBootWebSecurityConfiguration$WebSecurityEnablerConfiguration=org.springframework.boot.autoconfigure.security.servlet.SpringBootWebSecurityConfiguration$WebSecurityEnablerConfiguration@2802caa2}
2024-07-03 12:15:01.325  INFO 100360 --- [    Test worker] com.momo.momopjt.config.SecurityConfig   : ------------configure----------------
2024-07-03 12:15:01.420 DEBUG 100360 --- [    Test worker] edFilterInvocationSecurityMetadataSource : Adding web access control expression [permitAll] for ExactUrl [processUrl='/user/login?error']
2024-07-03 12:15:01.435 DEBUG 100360 --- [    Test worker] edFilterInvocationSecurityMetadataSource : Adding web access control expression [permitAll] for ExactUrl [processUrl='/user/login']
2024-07-03 12:15:01.436 DEBUG 100360 --- [    Test worker] edFilterInvocationSecurityMetadataSource : Adding web access control expression [permitAll] for ExactUrl [processUrl='/user/login']
2024-07-03 12:15:01.436 DEBUG 100360 --- [    Test worker] edFilterInvocationSecurityMetadataSource : Adding web access control expression [permitAll] for Ant [pattern='/user/logout']
2024-07-03 12:15:01.436 DEBUG 100360 --- [    Test worker] edFilterInvocationSecurityMetadataSource : Adding web access control expression [permitAll] for ExactUrl [processUrl='/login']
2024-07-03 12:15:01.436 DEBUG 100360 --- [    Test worker] edFilterInvocationSecurityMetadataSource : Adding web access control expression [permitAll] for Ant [pattern='/']
2024-07-03 12:15:01.436 DEBUG 100360 --- [    Test worker] edFilterInvocationSecurityMetadataSource : Adding web access control expression [permitAll] for Ant [pattern='/home']
2024-07-03 12:15:01.436 DEBUG 100360 --- [    Test worker] edFilterInvocationSecurityMetadataSource : Adding web access control expression [permitAll] for Ant [pattern='/register']
2024-07-03 12:15:01.436 DEBUG 100360 --- [    Test worker] edFilterInvocationSecurityMetadataSource : Adding web access control expression [permitAll] for Ant [pattern='/login']
2024-07-03 12:15:01.436 DEBUG 100360 --- [    Test worker] edFilterInvocationSecurityMetadataSource : Adding web access control expression [permitAll] for Ant [pattern='/css/**']
2024-07-03 12:15:01.437 DEBUG 100360 --- [    Test worker] edFilterInvocationSecurityMetadataSource : Adding web access control expression [permitAll] for Ant [pattern='/js/**']
2024-07-03 12:15:01.437 DEBUG 100360 --- [    Test worker] edFilterInvocationSecurityMetadataSource : Adding web access control expression [permitAll] for Ant [pattern='/images/**']
2024-07-03 12:15:01.437 DEBUG 100360 --- [    Test worker] edFilterInvocationSecurityMetadataSource : Adding web access control expression [permitAll] for Ant [pattern='/public/**']
2024-07-03 12:15:01.437 DEBUG 100360 --- [    Test worker] edFilterInvocationSecurityMetadataSource : Adding web access control expression [permitAll] for Ant [pattern='/user/login']
2024-07-03 12:15:01.437 DEBUG 100360 --- [    Test worker] edFilterInvocationSecurityMetadataSource : Adding web access control expression [permitAll] for Ant [pattern='/user/join']
2024-07-03 12:15:01.437 DEBUG 100360 --- [    Test worker] edFilterInvocationSecurityMetadataSource : Adding web access control expression [permitAll] for Ant [pattern='/user/home']
2024-07-03 12:15:01.437 DEBUG 100360 --- [    Test worker] edFilterInvocationSecurityMetadataSource : Adding web access control expression [hasRole('ROLE_ADMIN')] for Ant [pattern='/admin/**']
2024-07-03 12:15:01.440 DEBUG 100360 --- [    Test worker] edFilterInvocationSecurityMetadataSource : Adding web access control expression [authenticated] for any request
2024-07-03 12:15:01.443 TRACE 100360 --- [    Test worker] o.s.s.w.a.i.FilterSecurityInterceptor    : Validated configuration attributes
2024-07-03 12:15:01.444 TRACE 100360 --- [    Test worker] o.s.s.w.a.i.FilterSecurityInterceptor    : Validated configuration attributes
2024-07-03 12:15:01.468  INFO 100360 --- [    Test worker] o.s.s.web.DefaultSecurityFilterChain     : Will secure any request with [org.springframework.security.web.session.DisableEncodeUrlFilter@65e4eba5, org.springframework.security.web.context.request.async.WebAsyncManagerIntegrationFilter@77eb76f, org.springframework.security.web.context.SecurityContextPersistenceFilter@45b37003, org.springframework.security.web.header.HeaderWriterFilter@638b05fb, org.springframework.security.web.authentication.logout.LogoutFilter@fd8513b, org.springframework.security.oauth2.client.web.OAuth2AuthorizationRequestRedirectFilter@54632794, org.springframework.security.oauth2.client.web.OAuth2LoginAuthenticationFilter@760f4310, org.springframework.security.web.authentication.UsernamePasswordAuthenticationFilter@88fe9a8, org.springframework.security.web.savedrequest.RequestCacheAwareFilter@5db6083b, org.springframework.security.web.servletapi.SecurityContextHolderAwareRequestFilter@3db48e6, org.springframework.security.web.authentication.AnonymousAuthenticationFilter@be56353, org.springframework.security.web.session.SessionManagementFilter@6aeb769d, org.springframework.security.web.access.ExceptionTranslationFilter@36003e90, org.springframework.security.web.access.intercept.FilterSecurityInterceptor@3884e858]
2024-07-03 12:15:01.471  INFO 100360 --- [    Test worker] com.momo.momopjt.config.SecurityConfig   : ------------web configure----------
2024-07-03 12:15:01.801  INFO 100360 --- [    Test worker] o.s.b.a.w.s.WelcomePageHandlerMapping    : Adding welcome page: class path resource [static/index.html]
2024-07-03 12:15:02.072  WARN 100360 --- [    Test worker] o.s.s.c.a.web.builders.WebSecurity       : You are asking Spring Security to ignore Ant [pattern='/resources/**']. This is not recommended -- please use permitAll via HttpSecurity#authorizeHttpRequests instead.
2024-07-03 12:15:02.073  INFO 100360 --- [    Test worker] o.s.s.web.DefaultSecurityFilterChain     : Will not secure Ant [pattern='/resources/**']
2024-07-03 12:15:02.074  WARN 100360 --- [    Test worker] o.s.s.c.a.web.builders.WebSecurity       : You are asking Spring Security to ignore Ant [pattern='/static/**']. This is not recommended -- please use permitAll via HttpSecurity#authorizeHttpRequests instead.
2024-07-03 12:15:02.074  INFO 100360 --- [    Test worker] o.s.s.web.DefaultSecurityFilterChain     : Will not secure Ant [pattern='/static/**']
2024-07-03 12:15:02.074  WARN 100360 --- [    Test worker] o.s.s.c.a.web.builders.WebSecurity       : You are asking Spring Security to ignore Ant [pattern='/css/**']. This is not recommended -- please use permitAll via HttpSecurity#authorizeHttpRequests instead.
2024-07-03 12:15:02.074  INFO 100360 --- [    Test worker] o.s.s.web.DefaultSecurityFilterChain     : Will not secure Ant [pattern='/css/**']
2024-07-03 12:15:02.074  WARN 100360 --- [    Test worker] o.s.s.c.a.web.builders.WebSecurity       : You are asking Spring Security to ignore Ant [pattern='/js/**']. This is not recommended -- please use permitAll via HttpSecurity#authorizeHttpRequests instead.
2024-07-03 12:15:02.074  INFO 100360 --- [    Test worker] o.s.s.web.DefaultSecurityFilterChain     : Will not secure Ant [pattern='/js/**']
2024-07-03 12:15:02.074  WARN 100360 --- [    Test worker] o.s.s.c.a.web.builders.WebSecurity       : You are asking Spring Security to ignore Ant [pattern='/images/**']. This is not recommended -- please use permitAll via HttpSecurity#authorizeHttpRequests instead.
2024-07-03 12:15:02.074  INFO 100360 --- [    Test worker] o.s.s.web.DefaultSecurityFilterChain     : Will not secure Ant [pattern='/images/**']
2024-07-03 12:15:02.237  INFO 100360 --- [    Test worker] com.momo.momopjt.UserTests               : Started UserTests in 4.81 seconds (JVM running for 5.777)
Hibernate: 
    insert 
    into
        user
        (user_email, user_id, user_pw) 
    values
        (?, ?, ?)
Hibernate: 
    insert 
    into
        user_role_set
        (user_user_no, role_set) 
    values
        (?, ?)
Hibernate: 
    insert 
    into
        user
        (user_email, user_id, user_pw) 
    values
        (?, ?, ?)
Hibernate: 
    insert 
    into
        user_role_set
        (user_user_no, role_set) 
    values
        (?, ?)
Hibernate: 
    insert 
    into
        user
        (user_email, user_id, user_pw) 
    values
        (?, ?, ?)
Hibernate: 
    insert 
    into
        user_role_set
        (user_user_no, role_set) 
    values
        (?, ?)
Hibernate: 
    insert 
    into
        user
        (user_email, user_id, user_pw) 
    values
        (?, ?, ?)
Hibernate: 
    insert 
    into
        user_role_set
        (user_user_no, role_set) 
    values
        (?, ?)
Hibernate: 
    insert 
    into
        user
        (user_email, user_id, user_pw) 
    values
        (?, ?, ?)
Hibernate: 
    insert 
    into
        user_role_set
        (user_user_no, role_set) 
    values
        (?, ?)
Hibernate: 
    insert 
    into
        user
        (user_email, user_id, user_pw) 
    values
        (?, ?, ?)
Hibernate: 
    insert 
    into
        user_role_set
        (user_user_no, role_set) 
    values
        (?, ?)
Hibernate: 
    insert 
    into
        user
        (user_email, user_id, user_pw) 
    values
        (?, ?, ?)
Hibernate: 
    insert 
    into
        user_role_set
        (user_user_no, role_set) 
    values
        (?, ?)
Hibernate: 
    insert 
    into
        user
        (user_email, user_id, user_pw) 
    values
        (?, ?, ?)
Hibernate: 
    insert 
    into
        user_role_set
        (user_user_no, role_set) 
    values
        (?, ?)
Hibernate: 
    insert 
    into
        user
        (user_email, user_id, user_pw) 
    values
        (?, ?, ?)
Hibernate: 
    insert 
    into
        user_role_set
        (user_user_no, role_set) 
    values
        (?, ?)
Hibernate: 
    insert 
    into
        user
        (user_email, user_id, user_pw) 
    values
        (?, ?, ?)
Hibernate: 
    insert 
    into
        user_role_set
        (user_user_no, role_set) 
    values
        (?, ?)
Hibernate: 
    insert 
    into
        user
        (user_email, user_id, user_pw) 
    values
        (?, ?, ?)
Hibernate: 
    insert 
    into
        user_role_set
        (user_user_no, role_set) 
    values
        (?, ?)
Hibernate: 
    insert 
    into
        user
        (user_email, user_id, user_pw) 
    values
        (?, ?, ?)
Hibernate: 
    insert 
    into
        user_role_set
        (user_user_no, role_set) 
    values
        (?, ?)
Hibernate: 
    insert 
    into
        user
        (user_email, user_id, user_pw) 
    values
        (?, ?, ?)
Hibernate: 
    insert 
    into
        user_role_set
        (user_user_no, role_set) 
    values
        (?, ?)
Hibernate: 
    insert 
    into
        user
        (user_email, user_id, user_pw) 
    values
        (?, ?, ?)
Hibernate: 
    insert 
    into
        user_role_set
        (user_user_no, role_set) 
    values
        (?, ?)
Hibernate: 
    insert 
    into
        user
        (user_email, user_id, user_pw) 
    values
        (?, ?, ?)
Hibernate: 
    insert 
    into
        user_role_set
        (user_user_no, role_set) 
    values
        (?, ?)
Hibernate: 
    insert 
    into
        user
        (user_email, user_id, user_pw) 
    values
        (?, ?, ?)
Hibernate: 
    insert 
    into
        user_role_set
        (user_user_no, role_set) 
    values
        (?, ?)
Hibernate: 
    insert 
    into
        user
        (user_email, user_id, user_pw) 
    values
        (?, ?, ?)
Hibernate: 
    insert 
    into
        user_role_set
        (user_user_no, role_set) 
    values
        (?, ?)
Hibernate: 
    insert 
    into
        user
        (user_email, user_id, user_pw) 
    values
        (?, ?, ?)
Hibernate: 
    insert 
    into
        user_role_set
        (user_user_no, role_set) 
    values
        (?, ?)
Hibernate: 
    insert 
    into
        user
        (user_email, user_id, user_pw) 
    values
        (?, ?, ?)
Hibernate: 
    insert 
    into
        user_role_set
        (user_user_no, role_set) 
    values
        (?, ?)
Hibernate: 
    insert 
    into
        user
        (user_email, user_id, user_pw) 
    values
        (?, ?, ?)
Hibernate: 
    insert 
    into
        user_role_set
        (user_user_no, role_set) 
    values
        (?, ?)
Hibernate: 
    insert 
    into
        user
        (user_email, user_id, user_pw) 
    values
        (?, ?, ?)
Hibernate: 
    insert 
    into
        user_role_set
        (user_user_no, role_set) 
    values
        (?, ?)
Hibernate: 
    insert 
    into
        user
        (user_email, user_id, user_pw) 
    values
        (?, ?, ?)
Hibernate: 
    insert 
    into
        user_role_set
        (user_user_no, role_set) 
    values
        (?, ?)
Hibernate: 
    insert 
    into
        user
        (user_email, user_id, user_pw) 
    values
        (?, ?, ?)
Hibernate: 
    insert 
    into
        user_role_set
        (user_user_no, role_set) 
    values
        (?, ?)
Hibernate: 
    insert 
    into
        user
        (user_email, user_id, user_pw) 
    values
        (?, ?, ?)
Hibernate: 
    insert 
    into
        user_role_set
        (user_user_no, role_set) 
    values
        (?, ?)
Hibernate: 
    insert 
    into
        user
        (user_email, user_id, user_pw) 
    values
        (?, ?, ?)
Hibernate: 
    insert 
    into
        user_role_set
        (user_user_no, role_set) 
    values
        (?, ?)
Hibernate: 
    insert 
    into
        user
        (user_email, user_id, user_pw) 
    values
        (?, ?, ?)
Hibernate: 
    insert 
    into
        user_role_set
        (user_user_no, role_set) 
    values
        (?, ?)
Hibernate: 
    insert 
    into
        user
        (user_email, user_id, user_pw) 
    values
        (?, ?, ?)
Hibernate: 
    insert 
    into
        user_role_set
        (user_user_no, role_set) 
    values
        (?, ?)
Hibernate: 
    insert 
    into
        user
        (user_email, user_id, user_pw) 
    values
        (?, ?, ?)
Hibernate: 
    insert 
    into
        user_role_set
        (user_user_no, role_set) 
    values
        (?, ?)
Hibernate: 
    insert 
    into
        user
        (user_email, user_id, user_pw) 
    values
        (?, ?, ?)
Hibernate: 
    insert 
    into
        user_role_set
        (user_user_no, role_set) 
    values
        (?, ?)
Hibernate: 
    insert 
    into
        user
        (user_email, user_id, user_pw) 
    values
        (?, ?, ?)
Hibernate: 
    insert 
    into
        user_role_set
        (user_user_no, role_set) 
    values
        (?, ?)
Hibernate: 
    insert 
    into
        user
        (user_email, user_id, user_pw) 
    values
        (?, ?, ?)
Hibernate: 
    insert 
    into
        user_role_set
        (user_user_no, role_set) 
    values
        (?, ?)
Hibernate: 
    insert 
    into
        user
        (user_email, user_id, user_pw) 
    values
        (?, ?, ?)
Hibernate: 
    insert 
    into
        user_role_set
        (user_user_no, role_set) 
    values
        (?, ?)
Hibernate: 
    insert 
    into
        user
        (user_email, user_id, user_pw) 
    values
        (?, ?, ?)
Hibernate: 
    insert 
    into
        user_role_set
        (user_user_no, role_set) 
    values
        (?, ?)
Hibernate: 
    insert 
    into
        user
        (user_email, user_id, user_pw) 
    values
        (?, ?, ?)
Hibernate: 
    insert 
    into
        user_role_set
        (user_user_no, role_set) 
    values
        (?, ?)
Hibernate: 
    insert 
    into
        user
        (user_email, user_id, user_pw) 
    values
        (?, ?, ?)
Hibernate: 
    insert 
    into
        user_role_set
        (user_user_no, role_set) 
    values
        (?, ?)
Hibernate: 
    insert 
    into
        user
        (user_email, user_id, user_pw) 
    values
        (?, ?, ?)
Hibernate: 
    insert 
    into
        user_role_set
        (user_user_no, role_set) 
    values
        (?, ?)
Hibernate: 
    insert 
    into
        user
        (user_email, user_id, user_pw) 
    values
        (?, ?, ?)
Hibernate: 
    insert 
    into
        user_role_set
        (user_user_no, role_set) 
    values
        (?, ?)
Hibernate: 
    insert 
    into
        user
        (user_email, user_id, user_pw) 
    values
        (?, ?, ?)
Hibernate: 
    insert 
    into
        user_role_set
        (user_user_no, role_set) 
    values
        (?, ?)
Hibernate: 
    insert 
    into
        user
        (user_email, user_id, user_pw) 
    values
        (?, ?, ?)
Hibernate: 
    insert 
    into
        user_role_set
        (user_user_no, role_set) 
    values
        (?, ?)
Hibernate: 
    insert 
    into
        user
        (user_email, user_id, user_pw) 
    values
        (?, ?, ?)
Hibernate: 
    insert 
    into
        user_role_set
        (user_user_no, role_set) 
    values
        (?, ?)
Hibernate: 
    insert 
    into
        user
        (user_email, user_id, user_pw) 
    values
        (?, ?, ?)
Hibernate: 
    insert 
    into
        user_role_set
        (user_user_no, role_set) 
    values
        (?, ?)
Hibernate: 
    insert 
    into
        user
        (user_email, user_id, user_pw) 
    values
        (?, ?, ?)
Hibernate: 
    insert 
    into
        user_role_set
        (user_user_no, role_set) 
    values
        (?, ?)
Hibernate: 
    insert 
    into
        user
        (user_email, user_id, user_pw) 
    values
        (?, ?, ?)
Hibernate: 
    insert 
    into
        user_role_set
        (user_user_no, role_set) 
    values
        (?, ?)
Hibernate: 
    insert 
    into
        user
        (user_email, user_id, user_pw) 
    values
        (?, ?, ?)
Hibernate: 
    insert 
    into
        user_role_set
        (user_user_no, role_set) 
    values
        (?, ?)
Hibernate: 
    insert 
    into
        user
        (user_email, user_id, user_pw) 
    values
        (?, ?, ?)
Hibernate: 
    insert 
    into
        user_role_set
        (user_user_no, role_set) 
    values
        (?, ?)
Hibernate: 
    insert 
    into
        user
        (user_email, user_id, user_pw) 
    values
        (?, ?, ?)
Hibernate: 
    insert 
    into
        user_role_set
        (user_user_no, role_set) 
    values
        (?, ?)
Hibernate: 
    insert 
    into
        user
        (user_email, user_id, user_pw) 
    values
        (?, ?, ?)
Hibernate: 
    insert 
    into
        user_role_set
        (user_user_no, role_set) 
    values
        (?, ?)
Hibernate: 
    insert 
    into
        user
        (user_email, user_id, user_pw) 
    values
        (?, ?, ?)
Hibernate: 
    insert 
    into
        user_role_set
        (user_user_no, role_set) 
    values
        (?, ?)
Hibernate: 
    insert 
    into
        user
        (user_email, user_id, user_pw) 
    values
        (?, ?, ?)
Hibernate: 
    insert 
    into
        user_role_set
        (user_user_no, role_set) 
    values
        (?, ?)
Hibernate: 
    insert 
    into
        user
        (user_email, user_id, user_pw) 
    values
        (?, ?, ?)
Hibernate: 
    insert 
    into
        user_role_set
        (user_user_no, role_set) 
    values
        (?, ?)
Hibernate: 
    insert 
    into
        user
        (user_email, user_id, user_pw) 
    values
        (?, ?, ?)
Hibernate: 
    insert 
    into
        user_role_set
        (user_user_no, role_set) 
    values
        (?, ?)
Hibernate: 
    insert 
    into
        user
        (user_email, user_id, user_pw) 
    values
        (?, ?, ?)
Hibernate: 
    insert 
    into
        user_role_set
        (user_user_no, role_set) 
    values
        (?, ?)
Hibernate: 
    insert 
    into
        user
        (user_email, user_id, user_pw) 
    values
        (?, ?, ?)
Hibernate: 
    insert 
    into
        user_role_set
        (user_user_no, role_set) 
    values
        (?, ?)
Hibernate: 
    insert 
    into
        user
        (user_email, user_id, user_pw) 
    values
        (?, ?, ?)
Hibernate: 
    insert 
    into
        user_role_set
        (user_user_no, role_set) 
    values
        (?, ?)
Hibernate: 
    insert 
    into
        user
        (user_email, user_id, user_pw) 
    values
        (?, ?, ?)
Hibernate: 
    insert 
    into
        user_role_set
        (user_user_no, role_set) 
    values
        (?, ?)
Hibernate: 
    insert 
    into
        user
        (user_email, user_id, user_pw) 
    values
        (?, ?, ?)
Hibernate: 
    insert 
    into
        user_role_set
        (user_user_no, role_set) 
    values
        (?, ?)
Hibernate: 
    insert 
    into
        user
        (user_email, user_id, user_pw) 
    values
        (?, ?, ?)
Hibernate: 
    insert 
    into
        user_role_set
        (user_user_no, role_set) 
    values
        (?, ?)
Hibernate: 
    insert 
    into
        user
        (user_email, user_id, user_pw) 
    values
        (?, ?, ?)
Hibernate: 
    insert 
    into
        user_role_set
        (user_user_no, role_set) 
    values
        (?, ?)
Hibernate: 
    insert 
    into
        user
        (user_email, user_id, user_pw) 
    values
        (?, ?, ?)
Hibernate: 
    insert 
    into
        user_role_set
        (user_user_no, role_set) 
    values
        (?, ?)
Hibernate: 
    insert 
    into
        user
        (user_email, user_id, user_pw) 
    values
        (?, ?, ?)
Hibernate: 
    insert 
    into
        user_role_set
        (user_user_no, role_set) 
    values
        (?, ?)
Hibernate: 
    insert 
    into
        user
        (user_email, user_id, user_pw) 
    values
        (?, ?, ?)
Hibernate: 
    insert 
    into
        user_role_set
        (user_user_no, role_set) 
    values
        (?, ?)
Hibernate: 
    insert 
    into
        user
        (user_email, user_id, user_pw) 
    values
        (?, ?, ?)
Hibernate: 
    insert 
    into
        user_role_set
        (user_user_no, role_set) 
    values
        (?, ?)
Hibernate: 
    insert 
    into
        user
        (user_email, user_id, user_pw) 
    values
        (?, ?, ?)
Hibernate: 
    insert 
    into
        user_role_set
        (user_user_no, role_set) 
    values
        (?, ?)
Hibernate: 
    insert 
    into
        user
        (user_email, user_id, user_pw) 
    values
        (?, ?, ?)
Hibernate: 
    insert 
    into
        user_role_set
        (user_user_no, role_set) 
    values
        (?, ?)
Hibernate: 
    insert 
    into
        user
        (user_email, user_id, user_pw) 
    values
        (?, ?, ?)
Hibernate: 
    insert 
    into
        user_role_set
        (user_user_no, role_set) 
    values
        (?, ?)
Hibernate: 
    insert 
    into
        user
        (user_email, user_id, user_pw) 
    values
        (?, ?, ?)
Hibernate: 
    insert 
    into
        user_role_set
        (user_user_no, role_set) 
    values
        (?, ?)
Hibernate: 
    insert 
    into
        user
        (user_email, user_id, user_pw) 
    values
        (?, ?, ?)
Hibernate: 
    insert 
    into
        user_role_set
        (user_user_no, role_set) 
    values
        (?, ?)
Hibernate: 
    insert 
    into
        user
        (user_email, user_id, user_pw) 
    values
        (?, ?, ?)
Hibernate: 
    insert 
    into
        user_role_set
        (user_user_no, role_set) 
    values
        (?, ?)
Hibernate: 
    insert 
    into
        user
        (user_email, user_id, user_pw) 
    values
        (?, ?, ?)
Hibernate: 
    insert 
    into
        user_role_set
        (user_user_no, role_set) 
    values
        (?, ?)
Hibernate: 
    insert 
    into
        user
        (user_email, user_id, user_pw) 
    values
        (?, ?, ?)
Hibernate: 
    insert 
    into
        user_role_set
        (user_user_no, role_set) 
    values
        (?, ?)
Hibernate: 
    insert 
    into
        user
        (user_email, user_id, user_pw) 
    values
        (?, ?, ?)
Hibernate: 
    insert 
    into
        user_role_set
        (user_user_no, role_set) 
    values
        (?, ?)
Hibernate: 
    insert 
    into
        user
        (user_email, user_id, user_pw) 
    values
        (?, ?, ?)
Hibernate: 
    insert 
    into
        user_role_set
        (user_user_no, role_set) 
    values
        (?, ?)
Hibernate: 
    insert 
    into
        user
        (user_email, user_id, user_pw) 
    values
        (?, ?, ?)
Hibernate: 
    insert 
    into
        user_role_set
        (user_user_no, role_set) 
    values
        (?, ?)
Hibernate: 
    insert 
    into
        user
        (user_email, user_id, user_pw) 
    values
        (?, ?, ?)
Hibernate: 
    insert 
    into
        user_role_set
        (user_user_no, role_set) 
    values
        (?, ?)
Hibernate: 
    insert 
    into
        user
        (user_email, user_id, user_pw) 
    values
        (?, ?, ?)
Hibernate: 
    insert 
    into
        user_role_set
        (user_user_no, role_set) 
    values
        (?, ?)
Hibernate: 
    insert 
    into
        user
        (user_email, user_id, user_pw) 
    values
        (?, ?, ?)
Hibernate: 
    insert 
    into
        user_role_set
        (user_user_no, role_set) 
    values
        (?, ?)
Hibernate: 
    insert 
    into
        user
        (user_email, user_id, user_pw) 
    values
        (?, ?, ?)
Hibernate: 
    insert 
    into
        user_role_set
        (user_user_no, role_set) 
    values
        (?, ?)
Hibernate: 
    insert 
    into
        user
        (user_email, user_id, user_pw) 
    values
        (?, ?, ?)
Hibernate: 
    insert 
    into
        user_role_set
        (user_user_no, role_set) 
    values
        (?, ?)
Hibernate: 
    insert 
    into
        user
        (user_email, user_id, user_pw) 
    values
        (?, ?, ?)
Hibernate: 
    insert 
    into
        user_role_set
        (user_user_no, role_set) 
    values
        (?, ?)
Hibernate: 
    insert 
    into
        user
        (user_email, user_id, user_pw) 
    values
        (?, ?, ?)
Hibernate: 
    insert 
    into
        user_role_set
        (user_user_no, role_set) 
    values
        (?, ?)
Hibernate: 
    insert 
    into
        user
        (user_email, user_id, user_pw) 
    values
        (?, ?, ?)
Hibernate: 
    insert 
    into
        user_role_set
        (user_user_no, role_set) 
    values
        (?, ?)
Hibernate: 
    insert 
    into
        user
        (user_email, user_id, user_pw) 
    values
        (?, ?, ?)
Hibernate: 
    insert 
    into
        user_role_set
        (user_user_no, role_set) 
    values
        (?, ?)
Hibernate: 
    insert 
    into
        user
        (user_email, user_id, user_pw) 
    values
        (?, ?, ?)
Hibernate: 
    insert 
    into
        user_role_set
        (user_user_no, role_set) 
    values
        (?, ?)
Hibernate: 
    insert 
    into
        user
        (user_email, user_id, user_pw) 
    values
        (?, ?, ?)
Hibernate: 
    insert 
    into
        user_role_set
        (user_user_no, role_set) 
    values
        (?, ?)
Hibernate: 
    insert 
    into
        user
        (user_email, user_id, user_pw) 
    values
        (?, ?, ?)
Hibernate: 
    insert 
    into
        user_role_set
        (user_user_no, role_set) 
    values
        (?, ?)
Hibernate: 
    insert 
    into
        user
        (user_email, user_id, user_pw) 
    values
        (?, ?, ?)
Hibernate: 
    insert 
    into
        user_role_set
        (user_user_no, role_set) 
    values
        (?, ?)
Hibernate: 
    insert 
    into
        user
        (user_email, user_id, user_pw) 
    values
        (?, ?, ?)
Hibernate: 
    insert 
    into
        user_role_set
        (user_user_no, role_set) 
    values
        (?, ?)
Hibernate: 
    insert 
    into
        user
        (user_email, user_id, user_pw) 
    values
        (?, ?, ?)
Hibernate: 
    insert 
    into
        user_role_set
        (user_user_no, role_set) 
    values
        (?, ?)
Hibernate: 
    insert 
    into
        user
        (user_email, user_id, user_pw) 
    values
        (?, ?, ?)
Hibernate: 
    insert 
    into
        user_role_set
        (user_user_no, role_set) 
    values
        (?, ?)
Hibernate: 
    insert 
    into
        user
        (user_email, user_id, user_pw) 
    values
        (?, ?, ?)
Hibernate: 
    insert 
    into
        user_role_set
        (user_user_no, role_set) 
    values
        (?, ?)
Hibernate: 
    insert 
    into
        user_role_set
        (user_user_no, role_set) 
    values
        (?, ?)
Hibernate: 
    insert 
    into
        user
        (user_email, user_id, user_pw) 
    values
        (?, ?, ?)
Hibernate: 
    insert 
    into
        user_role_set
        (user_user_no, role_set) 
    values
        (?, ?)
Hibernate: 
    insert 
    into
        user_role_set
        (user_user_no, role_set) 
    values
        (?, ?)
Hibernate: 
    insert 
    into
        user
        (user_email, user_id, user_pw) 
    values
        (?, ?, ?)
Hibernate: 
    insert 
    into
        user_role_set
        (user_user_no, role_set) 
    values
        (?, ?)
Hibernate: 
    insert 
    into
        user_role_set
        (user_user_no, role_set) 
    values
        (?, ?)
Hibernate: 
    insert 
    into
        user
        (user_email, user_id, user_pw) 
    values
        (?, ?, ?)
Hibernate: 
    insert 
    into
        user_role_set
        (user_user_no, role_set) 
    values
        (?, ?)
Hibernate: 
    insert 
    into
        user_role_set
        (user_user_no, role_set) 
    values
        (?, ?)
Hibernate: 
    insert 
    into
        user
        (user_email, user_id, user_pw) 
    values
        (?, ?, ?)
Hibernate: 
    insert 
    into
        user_role_set
        (user_user_no, role_set) 
    values
        (?, ?)
Hibernate: 
    insert 
    into
        user_role_set
        (user_user_no, role_set) 
    values
        (?, ?)
Hibernate: 
    insert 
    into
        user
        (user_email, user_id, user_pw) 
    values
        (?, ?, ?)
Hibernate: 
    insert 
    into
        user_role_set
        (user_user_no, role_set) 
    values
        (?, ?)
Hibernate: 
    insert 
    into
        user_role_set
        (user_user_no, role_set) 
    values
        (?, ?)
Hibernate: 
    insert 
    into
        user
        (user_email, user_id, user_pw) 
    values
        (?, ?, ?)
Hibernate: 
    insert 
    into
        user_role_set
        (user_user_no, role_set) 
    values
        (?, ?)
Hibernate: 
    insert 
    into
        user_role_set
        (user_user_no, role_set) 
    values
        (?, ?)
Hibernate: 
    insert 
    into
        user
        (user_email, user_id, user_pw) 
    values
        (?, ?, ?)
Hibernate: 
    insert 
    into
        user_role_set
        (user_user_no, role_set) 
    values
        (?, ?)
Hibernate: 
    insert 
    into
        user_role_set
        (user_user_no, role_set) 
    values
        (?, ?)
Hibernate: 
    insert 
    into
        user
        (user_email, user_id, user_pw) 
    values
        (?, ?, ?)
Hibernate: 
    insert 
    into
        user_role_set
        (user_user_no, role_set) 
    values
        (?, ?)
Hibernate: 
    insert 
    into
        user_role_set
        (user_user_no, role_set) 
    values
        (?, ?)
Hibernate: 
    insert 
    into
        user
        (user_email, user_id, user_pw) 
    values
        (?, ?, ?)
Hibernate: 
    insert 
    into
        user_role_set
        (user_user_no, role_set) 
    values
        (?, ?)
Hibernate: 
    insert 
    into
        user_role_set
        (user_user_no, role_set) 
    values
        (?, ?)
Hibernate: 
    insert 
    into
        user
        (user_email, user_id, user_pw) 
    values
        (?, ?, ?)
Hibernate: 
    insert 
    into
        user_role_set
        (user_user_no, role_set) 
    values
        (?, ?)
Hibernate: 
    insert 
    into
        user_role_set
        (user_user_no, role_set) 
    values
        (?, ?)
]]></system-out>
  <system-err><![CDATA[]]></system-err>
</testsuite>
