<?xml version="1.0" encoding="UTF-8"?>
<testsuite name="com.momo.momopjt.UserTests" tests="1" skipped="0" failures="0" errors="0" timestamp="2024-07-03T08:54:44" hostname="BOOK-S89DGQF9UG" time="0.239">
  <properties/>
  <testcase name="카카오톡소셜테스트()" classname="com.momo.momopjt.UserTests" time="0.239"/>
  <system-out><![CDATA[17:54:38.161 [Test worker] DEBUG org.springframework.test.context.BootstrapUtils - Instantiating CacheAwareContextLoaderDelegate from class [org.springframework.test.context.cache.DefaultCacheAwareContextLoaderDelegate]
17:54:38.172 [Test worker] DEBUG org.springframework.test.context.BootstrapUtils - Instantiating BootstrapContext using constructor [public org.springframework.test.context.support.DefaultBootstrapContext(java.lang.Class,org.springframework.test.context.CacheAwareContextLoaderDelegate)]
17:54:38.203 [Test worker] DEBUG org.springframework.test.context.BootstrapUtils - Instantiating TestContextBootstrapper for test class [com.momo.momopjt.UserTests] from class [org.springframework.boot.test.context.SpringBootTestContextBootstrapper]
17:54:38.219 [Test worker] DEBUG org.springframework.test.context.support.AbstractContextLoader - Did not detect default resource location for test class [com.momo.momopjt.UserTests]: class path resource [com/momo/momopjt/UserTests-context.xml] does not exist
17:54:38.220 [Test worker] DEBUG org.springframework.test.context.support.AbstractContextLoader - Did not detect default resource location for test class [com.momo.momopjt.UserTests]: class path resource [com/momo/momopjt/UserTestsContext.groovy] does not exist
17:54:38.220 [Test worker] INFO org.springframework.test.context.support.AbstractContextLoader - Could not detect default resource locations for test class [com.momo.momopjt.UserTests]: no resource found for suffixes {-context.xml, Context.groovy}.
17:54:38.264 [Test worker] DEBUG org.springframework.test.context.support.ActiveProfilesUtils - Could not find an 'annotation declaring class' for annotation type [org.springframework.test.context.ActiveProfiles] and class [com.momo.momopjt.UserTests]
17:54:38.374 [Test worker] DEBUG org.springframework.boot.test.context.SpringBootTestContextBootstrapper - @TestExecutionListeners is not present for class [com.momo.momopjt.UserTests]: using defaults.
17:54:38.374 [Test worker] INFO org.springframework.boot.test.context.SpringBootTestContextBootstrapper - Loaded default TestExecutionListener class names from location [META-INF/spring.factories]: [org.springframework.security.test.context.support.WithSecurityContextTestExecutionListener, org.springframework.security.test.context.support.ReactorContextTestExecutionListener, org.springframework.boot.test.autoconfigure.restdocs.RestDocsTestExecutionListener, org.springframework.boot.test.autoconfigure.web.client.MockRestServiceServerResetTestExecutionListener, org.springframework.boot.test.autoconfigure.web.servlet.MockMvcPrintOnlyOnFailureTestExecutionListener, org.springframework.boot.test.autoconfigure.web.servlet.WebDriverTestExecutionListener, org.springframework.boot.test.autoconfigure.webservices.client.MockWebServiceServerTestExecutionListener, org.springframework.boot.test.mock.mockito.MockitoTestExecutionListener, org.springframework.boot.test.mock.mockito.ResetMocksTestExecutionListener, org.springframework.test.context.web.ServletTestExecutionListener, org.springframework.test.context.support.DirtiesContextBeforeModesTestExecutionListener, org.springframework.test.context.event.ApplicationEventsTestExecutionListener, org.springframework.test.context.support.DependencyInjectionTestExecutionListener, org.springframework.test.context.support.DirtiesContextTestExecutionListener, org.springframework.test.context.transaction.TransactionalTestExecutionListener, org.springframework.test.context.jdbc.SqlScriptsTestExecutionListener, org.springframework.test.context.event.EventPublishingTestExecutionListener]
17:54:38.390 [Test worker] INFO org.springframework.boot.test.context.SpringBootTestContextBootstrapper - Using TestExecutionListeners: [org.springframework.test.context.web.ServletTestExecutionListener@28fa700e, org.springframework.test.context.support.DirtiesContextBeforeModesTestExecutionListener@3d526ad9, org.springframework.test.context.event.ApplicationEventsTestExecutionListener@e041f0c, org.springframework.boot.test.mock.mockito.MockitoTestExecutionListener@6a175569, org.springframework.boot.test.autoconfigure.SpringBootDependencyInjectionTestExecutionListener@11963225, org.springframework.test.context.support.DirtiesContextTestExecutionListener@3f3c966c, org.springframework.test.context.transaction.TransactionalTestExecutionListener@11ee02f8, org.springframework.test.context.jdbc.SqlScriptsTestExecutionListener@4102b1b1, org.springframework.security.test.context.support.WithSecurityContextTestExecutionListener@61a5b4ae, org.springframework.test.context.event.EventPublishingTestExecutionListener@3a71c100, org.springframework.security.test.context.support.ReactorContextTestExecutionListener@5b69fd74, org.springframework.boot.test.autoconfigure.restdocs.RestDocsTestExecutionListener@f325091, org.springframework.boot.test.autoconfigure.web.client.MockRestServiceServerResetTestExecutionListener@437e951d, org.springframework.boot.test.autoconfigure.web.servlet.MockMvcPrintOnlyOnFailureTestExecutionListener@77b325b3, org.springframework.boot.test.autoconfigure.web.servlet.WebDriverTestExecutionListener@63a5e46c, org.springframework.boot.test.autoconfigure.webservices.client.MockWebServiceServerTestExecutionListener@7e8e8651, org.springframework.boot.test.mock.mockito.ResetMocksTestExecutionListener@49ef32e0]
17:54:38.393 [Test worker] DEBUG org.springframework.test.context.support.AbstractDirtiesContextTestExecutionListener - Before test class: context [DefaultTestContext@bae47a0 testClass = UserTests, testInstance = [null], testMethod = [null], testException = [null], mergedContextConfiguration = [WebMergedContextConfiguration@74a9c4b0 testClass = UserTests, locations = '{}', classes = '{class com.momo.momopjt.MomoApplication}', contextInitializerClasses = '[]', activeProfiles = '{}', propertySourceLocations = '{}', propertySourceProperties = '{org.springframework.boot.test.context.SpringBootTestContextBootstrapper=true}', contextCustomizers = set[org.springframework.boot.test.autoconfigure.actuate.metrics.MetricsExportContextCustomizerFactory$DisableMetricExportContextCustomizer@426b6a74, org.springframework.boot.test.autoconfigure.properties.PropertyMappingContextCustomizer@0, org.springframework.boot.test.autoconfigure.web.servlet.WebDriverContextCustomizerFactory$Customizer@3ce3db41, org.springframework.boot.test.context.filter.ExcludeFilterContextCustomizer@34a97744, org.springframework.boot.test.json.DuplicateJsonObjectContextCustomizerFactory$DuplicateJsonObjectContextCustomizer@2cac4385, org.springframework.boot.test.mock.mockito.MockitoContextCustomizer@0, org.springframework.boot.test.web.client.TestRestTemplateContextCustomizer@10fde30a, org.springframework.boot.test.context.SpringBootTestArgs@1, org.springframework.boot.test.context.SpringBootTestWebEnvironment@2609b277], resourceBasePath = 'src/main/webapp', contextLoader = 'org.springframework.boot.test.context.SpringBootContextLoader', parent = [null]], attributes = map['org.springframework.test.context.web.ServletTestExecutionListener.activateListener' -> true]], class annotated with @DirtiesContext [false] with mode [null].

  .   ____          _            __ _ _
 /\\ / ___'_ __ _ _(_)_ __  __ _ \ \ \ \
( ( )\___ | '_ | '_| | '_ \/ _` | \ \ \ \
 \\/  ___)| |_)| | | | | || (_| |  ) ) ) )
  '  |____| .__|_| |_|_| |_\__, | / / / /
 =========|_|==============|___/=/_/_/_/
 :: Spring Boot ::                (v2.7.5)

2024-07-03 17:54:38.754  INFO 108580 --- [    Test worker] com.momo.momopjt.UserTests               : Starting UserTests using Java 11.0.23 on BOOK-S89DGQF9UG with PID 108580 (started by jeong in C:\home\study\momopjt)
2024-07-03 17:54:38.755 DEBUG 108580 --- [    Test worker] com.momo.momopjt.UserTests               : Running with Spring Boot v2.7.5, Spring v5.3.23
2024-07-03 17:54:38.756  INFO 108580 --- [    Test worker] com.momo.momopjt.UserTests               : No active profile set, falling back to 1 default profile: "default"
2024-07-03 17:54:39.910  INFO 108580 --- [    Test worker] .s.d.r.c.RepositoryConfigurationDelegate : Bootstrapping Spring Data JPA repositories in DEFAULT mode.
2024-07-03 17:54:39.972  INFO 108580 --- [    Test worker] .s.d.r.c.RepositoryConfigurationDelegate : Finished Spring Data repository scanning in 53 ms. Found 1 JPA repository interfaces.
2024-07-03 17:54:40.706  INFO 108580 --- [    Test worker] o.hibernate.jpa.internal.util.LogHelper  : HHH000204: Processing PersistenceUnitInfo [name: default]
2024-07-03 17:54:40.782  INFO 108580 --- [    Test worker] org.hibernate.Version                    : HHH000412: Hibernate ORM core version 5.6.12.Final
2024-07-03 17:54:40.979  INFO 108580 --- [    Test worker] o.hibernate.annotations.common.Version   : HCANN000001: Hibernate Commons Annotations {5.1.2.Final}
2024-07-03 17:54:41.115  INFO 108580 --- [    Test worker] com.zaxxer.hikari.HikariDataSource       : HikariPool-1 - Starting...
2024-07-03 17:54:41.188  INFO 108580 --- [    Test worker] com.zaxxer.hikari.HikariDataSource       : HikariPool-1 - Start completed.
2024-07-03 17:54:41.211  INFO 108580 --- [    Test worker] org.hibernate.dialect.Dialect            : HHH000400: Using dialect: org.hibernate.dialect.MariaDBDialect
2024-07-03 17:54:41.967  INFO 108580 --- [    Test worker] o.h.e.t.j.p.i.JtaPlatformInitiator       : HHH000490: Using JtaPlatform implementation: [org.hibernate.engine.transaction.jta.platform.internal.NoJtaPlatform]
2024-07-03 17:54:41.975  INFO 108580 --- [    Test worker] j.LocalContainerEntityManagerFactoryBean : Initialized JPA EntityManagerFactory for persistence unit 'default'
2024-07-03 17:54:42.744  WARN 108580 --- [    Test worker] JpaBaseConfiguration$JpaWebConfiguration : spring.jpa.open-in-view is enabled by default. Therefore, database queries may be performed during view rendering. Explicitly configure spring.jpa.open-in-view to disable this warning
2024-07-03 17:54:43.077 TRACE 108580 --- [    Test worker] o.s.s.a.i.a.MethodSecurityInterceptor    : Validated configuration attributes
2024-07-03 17:54:43.088 TRACE 108580 --- [    Test worker] eGlobalAuthenticationAutowiredConfigurer : Eagerly initializing {securityConfig=com.momo.momopjt.config.SecurityConfig$$EnhancerBySpringCGLIB$$3206698c@129b0ed, org.springframework.boot.autoconfigure.security.servlet.SpringBootWebSecurityConfiguration$WebSecurityEnablerConfiguration=org.springframework.boot.autoconfigure.security.servlet.SpringBootWebSecurityConfiguration$WebSecurityEnablerConfiguration@28d2afd8}
2024-07-03 17:54:43.156  INFO 108580 --- [    Test worker] com.momo.momopjt.config.SecurityConfig   : ------------configure----------------
2024-07-03 17:54:43.255 DEBUG 108580 --- [    Test worker] edFilterInvocationSecurityMetadataSource : Adding web access control expression [permitAll] for ExactUrl [processUrl='/user/login?error']
2024-07-03 17:54:43.278 DEBUG 108580 --- [    Test worker] edFilterInvocationSecurityMetadataSource : Adding web access control expression [permitAll] for ExactUrl [processUrl='/user/login']
2024-07-03 17:54:43.278 DEBUG 108580 --- [    Test worker] edFilterInvocationSecurityMetadataSource : Adding web access control expression [permitAll] for ExactUrl [processUrl='/user/login']
2024-07-03 17:54:43.279 DEBUG 108580 --- [    Test worker] edFilterInvocationSecurityMetadataSource : Adding web access control expression [permitAll] for Ant [pattern='/user/logout']
2024-07-03 17:54:43.279 DEBUG 108580 --- [    Test worker] edFilterInvocationSecurityMetadataSource : Adding web access control expression [permitAll] for ExactUrl [processUrl='/user/home']
2024-07-03 17:54:43.279 DEBUG 108580 --- [    Test worker] edFilterInvocationSecurityMetadataSource : Adding web access control expression [permitAll] for Ant [pattern='/']
2024-07-03 17:54:43.279 DEBUG 108580 --- [    Test worker] edFilterInvocationSecurityMetadataSource : Adding web access control expression [permitAll] for Ant [pattern='/home']
2024-07-03 17:54:43.279 DEBUG 108580 --- [    Test worker] edFilterInvocationSecurityMetadataSource : Adding web access control expression [permitAll] for Ant [pattern='/register']
2024-07-03 17:54:43.280 DEBUG 108580 --- [    Test worker] edFilterInvocationSecurityMetadataSource : Adding web access control expression [permitAll] for Ant [pattern='/login']
2024-07-03 17:54:43.280 DEBUG 108580 --- [    Test worker] edFilterInvocationSecurityMetadataSource : Adding web access control expression [permitAll] for Ant [pattern='/css/**']
2024-07-03 17:54:43.280 DEBUG 108580 --- [    Test worker] edFilterInvocationSecurityMetadataSource : Adding web access control expression [permitAll] for Ant [pattern='/js/**']
2024-07-03 17:54:43.280 DEBUG 108580 --- [    Test worker] edFilterInvocationSecurityMetadataSource : Adding web access control expression [permitAll] for Ant [pattern='/images/**']
2024-07-03 17:54:43.280 DEBUG 108580 --- [    Test worker] edFilterInvocationSecurityMetadataSource : Adding web access control expression [permitAll] for Ant [pattern='/public/**']
2024-07-03 17:54:43.281 DEBUG 108580 --- [    Test worker] edFilterInvocationSecurityMetadataSource : Adding web access control expression [permitAll] for Ant [pattern='/user/login']
2024-07-03 17:54:43.281 DEBUG 108580 --- [    Test worker] edFilterInvocationSecurityMetadataSource : Adding web access control expression [permitAll] for Ant [pattern='/user/join']
2024-07-03 17:54:43.281 DEBUG 108580 --- [    Test worker] edFilterInvocationSecurityMetadataSource : Adding web access control expression [permitAll] for Ant [pattern='/user/home']
2024-07-03 17:54:43.281 DEBUG 108580 --- [    Test worker] edFilterInvocationSecurityMetadataSource : Adding web access control expression [hasRole('ROLE_ADMIN')] for Ant [pattern='/admin/**']
2024-07-03 17:54:43.284 DEBUG 108580 --- [    Test worker] edFilterInvocationSecurityMetadataSource : Adding web access control expression [authenticated] for any request
2024-07-03 17:54:43.288 TRACE 108580 --- [    Test worker] o.s.s.w.a.i.FilterSecurityInterceptor    : Validated configuration attributes
2024-07-03 17:54:43.288 TRACE 108580 --- [    Test worker] o.s.s.w.a.i.FilterSecurityInterceptor    : Validated configuration attributes
2024-07-03 17:54:43.316  INFO 108580 --- [    Test worker] o.s.s.web.DefaultSecurityFilterChain     : Will secure any request with [org.springframework.security.web.session.DisableEncodeUrlFilter@7053b64b, org.springframework.security.web.context.request.async.WebAsyncManagerIntegrationFilter@7f5b0926, org.springframework.security.web.context.SecurityContextPersistenceFilter@2fb3c930, org.springframework.security.web.header.HeaderWriterFilter@a8177f6, org.springframework.security.web.authentication.logout.LogoutFilter@346e76ad, org.springframework.security.oauth2.client.web.OAuth2AuthorizationRequestRedirectFilter@4945cd1f, org.springframework.security.oauth2.client.web.OAuth2LoginAuthenticationFilter@44aaa987, org.springframework.security.web.authentication.UsernamePasswordAuthenticationFilter@7a9e44ff, org.springframework.security.web.savedrequest.RequestCacheAwareFilter@7955b4d4, org.springframework.security.web.servletapi.SecurityContextHolderAwareRequestFilter@489e1887, org.springframework.security.web.authentication.AnonymousAuthenticationFilter@6eac71db, org.springframework.security.web.session.SessionManagementFilter@4b4a3114, org.springframework.security.web.access.ExceptionTranslationFilter@75381b61, org.springframework.security.web.access.intercept.FilterSecurityInterceptor@6d810e94]
2024-07-03 17:54:43.320  INFO 108580 --- [    Test worker] com.momo.momopjt.config.SecurityConfig   : ------------web configure----------
2024-07-03 17:54:43.711  INFO 108580 --- [    Test worker] o.s.b.a.w.s.WelcomePageHandlerMapping    : Adding welcome page: class path resource [static/index.html]
2024-07-03 17:54:44.004  WARN 108580 --- [    Test worker] o.s.s.c.a.web.builders.WebSecurity       : You are asking Spring Security to ignore Ant [pattern='/resources/**']. This is not recommended -- please use permitAll via HttpSecurity#authorizeHttpRequests instead.
2024-07-03 17:54:44.005  INFO 108580 --- [    Test worker] o.s.s.web.DefaultSecurityFilterChain     : Will not secure Ant [pattern='/resources/**']
2024-07-03 17:54:44.005  WARN 108580 --- [    Test worker] o.s.s.c.a.web.builders.WebSecurity       : You are asking Spring Security to ignore Ant [pattern='/static/**']. This is not recommended -- please use permitAll via HttpSecurity#authorizeHttpRequests instead.
2024-07-03 17:54:44.005  INFO 108580 --- [    Test worker] o.s.s.web.DefaultSecurityFilterChain     : Will not secure Ant [pattern='/static/**']
2024-07-03 17:54:44.005  WARN 108580 --- [    Test worker] o.s.s.c.a.web.builders.WebSecurity       : You are asking Spring Security to ignore Ant [pattern='/css/**']. This is not recommended -- please use permitAll via HttpSecurity#authorizeHttpRequests instead.
2024-07-03 17:54:44.006  INFO 108580 --- [    Test worker] o.s.s.web.DefaultSecurityFilterChain     : Will not secure Ant [pattern='/css/**']
2024-07-03 17:54:44.006  WARN 108580 --- [    Test worker] o.s.s.c.a.web.builders.WebSecurity       : You are asking Spring Security to ignore Ant [pattern='/js/**']. This is not recommended -- please use permitAll via HttpSecurity#authorizeHttpRequests instead.
2024-07-03 17:54:44.006  INFO 108580 --- [    Test worker] o.s.s.web.DefaultSecurityFilterChain     : Will not secure Ant [pattern='/js/**']
2024-07-03 17:54:44.006  WARN 108580 --- [    Test worker] o.s.s.c.a.web.builders.WebSecurity       : You are asking Spring Security to ignore Ant [pattern='/images/**']. This is not recommended -- please use permitAll via HttpSecurity#authorizeHttpRequests instead.
2024-07-03 17:54:44.006  INFO 108580 --- [    Test worker] o.s.s.web.DefaultSecurityFilterChain     : Will not secure Ant [pattern='/images/**']
2024-07-03 17:54:44.216  INFO 108580 --- [    Test worker] com.momo.momopjt.UserTests               : Started UserTests in 5.76 seconds (JVM running for 6.841)
Hibernate: 
    update
        user 
    set
        user_pw=? 
    where
        user_pw=?
]]></system-out>
  <system-err><![CDATA[]]></system-err>
</testsuite>
