<?xml version="1.0" encoding="UTF-8"?>
<testsuite name="com.momo.momopjt.UserTests" tests="1" skipped="0" failures="0" errors="0" timestamp="2024-07-03T10:11:17" hostname="DESKTOP-O6FQ813" time="0.38">
  <properties/>
  <testcase name="정규 표현식 검사 TRUE/FALSE" classname="com.momo.momopjt.UserTests" time="0.38"/>
  <system-out><![CDATA[19:11:02.430 [Test worker] DEBUG org.springframework.test.context.BootstrapUtils - Instantiating CacheAwareContextLoaderDelegate from class [org.springframework.test.context.cache.DefaultCacheAwareContextLoaderDelegate]
19:11:02.458 [Test worker] DEBUG org.springframework.test.context.BootstrapUtils - Instantiating BootstrapContext using constructor [public org.springframework.test.context.support.DefaultBootstrapContext(java.lang.Class,org.springframework.test.context.CacheAwareContextLoaderDelegate)]
19:11:02.531 [Test worker] DEBUG org.springframework.test.context.BootstrapUtils - Instantiating TestContextBootstrapper for test class [com.momo.momopjt.UserTests] from class [org.springframework.boot.test.context.SpringBootTestContextBootstrapper]
19:11:02.565 [Test worker] DEBUG org.springframework.test.context.support.AbstractContextLoader - Did not detect default resource location for test class [com.momo.momopjt.UserTests]: class path resource [com/momo/momopjt/UserTests-context.xml] does not exist
19:11:02.567 [Test worker] DEBUG org.springframework.test.context.support.AbstractContextLoader - Did not detect default resource location for test class [com.momo.momopjt.UserTests]: class path resource [com/momo/momopjt/UserTestsContext.groovy] does not exist
19:11:02.568 [Test worker] INFO org.springframework.test.context.support.AbstractContextLoader - Could not detect default resource locations for test class [com.momo.momopjt.UserTests]: no resource found for suffixes {-context.xml, Context.groovy}.
19:11:02.667 [Test worker] DEBUG org.springframework.test.context.support.ActiveProfilesUtils - Could not find an 'annotation declaring class' for annotation type [org.springframework.test.context.ActiveProfiles] and class [com.momo.momopjt.UserTests]
19:11:02.960 [Test worker] DEBUG org.springframework.boot.test.context.SpringBootTestContextBootstrapper - @TestExecutionListeners is not present for class [com.momo.momopjt.UserTests]: using defaults.
19:11:02.962 [Test worker] INFO org.springframework.boot.test.context.SpringBootTestContextBootstrapper - Loaded default TestExecutionListener class names from location [META-INF/spring.factories]: [org.springframework.security.test.context.support.WithSecurityContextTestExecutionListener, org.springframework.security.test.context.support.ReactorContextTestExecutionListener, org.springframework.boot.test.autoconfigure.restdocs.RestDocsTestExecutionListener, org.springframework.boot.test.autoconfigure.web.client.MockRestServiceServerResetTestExecutionListener, org.springframework.boot.test.autoconfigure.web.servlet.MockMvcPrintOnlyOnFailureTestExecutionListener, org.springframework.boot.test.autoconfigure.web.servlet.WebDriverTestExecutionListener, org.springframework.boot.test.autoconfigure.webservices.client.MockWebServiceServerTestExecutionListener, org.springframework.boot.test.mock.mockito.MockitoTestExecutionListener, org.springframework.boot.test.mock.mockito.ResetMocksTestExecutionListener, org.springframework.test.context.web.ServletTestExecutionListener, org.springframework.test.context.support.DirtiesContextBeforeModesTestExecutionListener, org.springframework.test.context.event.ApplicationEventsTestExecutionListener, org.springframework.test.context.support.DependencyInjectionTestExecutionListener, org.springframework.test.context.support.DirtiesContextTestExecutionListener, org.springframework.test.context.transaction.TransactionalTestExecutionListener, org.springframework.test.context.jdbc.SqlScriptsTestExecutionListener, org.springframework.test.context.event.EventPublishingTestExecutionListener]
19:11:03.009 [Test worker] INFO org.springframework.boot.test.context.SpringBootTestContextBootstrapper - Using TestExecutionListeners: [org.springframework.test.context.web.ServletTestExecutionListener@1968a49c, org.springframework.test.context.support.DirtiesContextBeforeModesTestExecutionListener@6a1ebcff, org.springframework.test.context.event.ApplicationEventsTestExecutionListener@19868320, org.springframework.boot.test.mock.mockito.MockitoTestExecutionListener@50b0bc4c, org.springframework.boot.test.autoconfigure.SpringBootDependencyInjectionTestExecutionListener@c20be82, org.springframework.test.context.support.DirtiesContextTestExecutionListener@13c612bd, org.springframework.test.context.transaction.TransactionalTestExecutionListener@3ef41c66, org.springframework.test.context.jdbc.SqlScriptsTestExecutionListener@6b739528, org.springframework.security.test.context.support.WithSecurityContextTestExecutionListener@622ef26a, org.springframework.test.context.event.EventPublishingTestExecutionListener@41de5768, org.springframework.security.test.context.support.ReactorContextTestExecutionListener@5f577419, org.springframework.boot.test.autoconfigure.restdocs.RestDocsTestExecutionListener@28fa700e, org.springframework.boot.test.autoconfigure.web.client.MockRestServiceServerResetTestExecutionListener@3d526ad9, org.springframework.boot.test.autoconfigure.web.servlet.MockMvcPrintOnlyOnFailureTestExecutionListener@e041f0c, org.springframework.boot.test.autoconfigure.web.servlet.WebDriverTestExecutionListener@6a175569, org.springframework.boot.test.autoconfigure.webservices.client.MockWebServiceServerTestExecutionListener@11963225, org.springframework.boot.test.mock.mockito.ResetMocksTestExecutionListener@3f3c966c]
19:11:03.020 [Test worker] DEBUG org.springframework.test.context.support.AbstractDirtiesContextTestExecutionListener - Before test class: context [DefaultTestContext@467f77a5 testClass = UserTests, testInstance = [null], testMethod = [null], testException = [null], mergedContextConfiguration = [WebMergedContextConfiguration@1bb9aa43 testClass = UserTests, locations = '{}', classes = '{class com.momo.momopjt.MomoApplication}', contextInitializerClasses = '[]', activeProfiles = '{}', propertySourceLocations = '{}', propertySourceProperties = '{org.springframework.boot.test.context.SpringBootTestContextBootstrapper=true}', contextCustomizers = set[org.springframework.boot.test.autoconfigure.actuate.metrics.MetricsExportContextCustomizerFactory$DisableMetricExportContextCustomizer@7b64240d, org.springframework.boot.test.autoconfigure.properties.PropertyMappingContextCustomizer@0, org.springframework.boot.test.autoconfigure.web.servlet.WebDriverContextCustomizerFactory$Customizer@3e8f7922, org.springframework.boot.test.context.filter.ExcludeFilterContextCustomizer@376a312c, org.springframework.boot.test.json.DuplicateJsonObjectContextCustomizerFactory$DuplicateJsonObjectContextCustomizer@51850751, org.springframework.boot.test.mock.mockito.MockitoContextCustomizer@0, org.springframework.boot.test.web.client.TestRestTemplateContextCustomizer@1ddae9b5, org.springframework.boot.test.context.SpringBootTestArgs@1, org.springframework.boot.test.context.SpringBootTestWebEnvironment@27adc16e], resourceBasePath = 'src/main/webapp', contextLoader = 'org.springframework.boot.test.context.SpringBootContextLoader', parent = [null]], attributes = map['org.springframework.test.context.web.ServletTestExecutionListener.activateListener' -> true]], class annotated with @DirtiesContext [false] with mode [null].

  .   ____          _            __ _ _
 /\\ / ___'_ __ _ _(_)_ __  __ _ \ \ \ \
( ( )\___ | '_ | '_| | '_ \/ _` | \ \ \ \
 \\/  ___)| |_)| | | | | || (_| |  ) ) ) )
  '  |____| .__|_| |_|_| |_\__, | / / / /
 =========|_|==============|___/=/_/_/_/
 :: Spring Boot ::                (v2.7.5)

2024-07-03 19:11:03.833  INFO 9896 --- [    Test worker] com.momo.momopjt.UserTests               : Starting UserTests using Java 11.0.23 on DESKTOP-O6FQ813 with PID 9896 (started by tlsdn in C:\Users\tlsdn\IdeaProjects\momopjt)
2024-07-03 19:11:03.835 DEBUG 9896 --- [    Test worker] com.momo.momopjt.UserTests               : Running with Spring Boot v2.7.5, Spring v5.3.23
2024-07-03 19:11:03.836  INFO 9896 --- [    Test worker] com.momo.momopjt.UserTests               : No active profile set, falling back to 1 default profile: "default"
2024-07-03 19:11:06.861  INFO 9896 --- [    Test worker] .s.d.r.c.RepositoryConfigurationDelegate : Bootstrapping Spring Data JPA repositories in DEFAULT mode.
2024-07-03 19:11:06.992  INFO 9896 --- [    Test worker] .s.d.r.c.RepositoryConfigurationDelegate : Finished Spring Data repository scanning in 110 ms. Found 1 JPA repository interfaces.
2024-07-03 19:11:08.782  INFO 9896 --- [    Test worker] o.hibernate.jpa.internal.util.LogHelper  : HHH000204: Processing PersistenceUnitInfo [name: default]
2024-07-03 19:11:08.901  INFO 9896 --- [    Test worker] org.hibernate.Version                    : HHH000412: Hibernate ORM core version 5.6.12.Final
2024-07-03 19:11:09.450  INFO 9896 --- [    Test worker] o.hibernate.annotations.common.Version   : HCANN000001: Hibernate Commons Annotations {5.1.2.Final}
2024-07-03 19:11:09.772  INFO 9896 --- [    Test worker] com.zaxxer.hikari.HikariDataSource       : HikariPool-1 - Starting...
2024-07-03 19:11:09.935  INFO 9896 --- [    Test worker] com.zaxxer.hikari.HikariDataSource       : HikariPool-1 - Start completed.
2024-07-03 19:11:09.975  INFO 9896 --- [    Test worker] org.hibernate.dialect.Dialect            : HHH000400: Using dialect: org.hibernate.dialect.MariaDBDialect
2024-07-03 19:11:11.479  INFO 9896 --- [    Test worker] o.h.e.t.j.p.i.JtaPlatformInitiator       : HHH000490: Using JtaPlatform implementation: [org.hibernate.engine.transaction.jta.platform.internal.NoJtaPlatform]
2024-07-03 19:11:11.494  INFO 9896 --- [    Test worker] j.LocalContainerEntityManagerFactoryBean : Initialized JPA EntityManagerFactory for persistence unit 'default'
2024-07-03 19:11:13.507  WARN 9896 --- [    Test worker] JpaBaseConfiguration$JpaWebConfiguration : spring.jpa.open-in-view is enabled by default. Therefore, database queries may be performed during view rendering. Explicitly configure spring.jpa.open-in-view to disable this warning
2024-07-03 19:11:14.537 TRACE 9896 --- [    Test worker] o.s.s.a.i.a.MethodSecurityInterceptor    : Validated configuration attributes
2024-07-03 19:11:14.571 TRACE 9896 --- [    Test worker] eGlobalAuthenticationAutowiredConfigurer : Eagerly initializing {securityConfig=com.momo.momopjt.config.SecurityConfig$$EnhancerBySpringCGLIB$$9ee83f68@88fc9cb, org.springframework.boot.autoconfigure.security.servlet.SpringBootWebSecurityConfiguration$WebSecurityEnablerConfiguration=org.springframework.boot.autoconfigure.security.servlet.SpringBootWebSecurityConfiguration$WebSecurityEnablerConfiguration@6f45be42}
2024-07-03 19:11:14.760  INFO 9896 --- [    Test worker] com.momo.momopjt.config.SecurityConfig   : ------------configure----------------
2024-07-03 19:11:15.062 DEBUG 9896 --- [    Test worker] edFilterInvocationSecurityMetadataSource : Adding web access control expression [permitAll] for ExactUrl [processUrl='/user/login?error']
2024-07-03 19:11:15.108 DEBUG 9896 --- [    Test worker] edFilterInvocationSecurityMetadataSource : Adding web access control expression [permitAll] for ExactUrl [processUrl='/user/login']
2024-07-03 19:11:15.108 DEBUG 9896 --- [    Test worker] edFilterInvocationSecurityMetadataSource : Adding web access control expression [permitAll] for ExactUrl [processUrl='/user/login']
2024-07-03 19:11:15.108 DEBUG 9896 --- [    Test worker] edFilterInvocationSecurityMetadataSource : Adding web access control expression [permitAll] for Ant [pattern='/user/logout']
2024-07-03 19:11:15.109 DEBUG 9896 --- [    Test worker] edFilterInvocationSecurityMetadataSource : Adding web access control expression [permitAll] for ExactUrl [processUrl='/user/home']
2024-07-03 19:11:15.109 DEBUG 9896 --- [    Test worker] edFilterInvocationSecurityMetadataSource : Adding web access control expression [permitAll] for Ant [pattern='/']
2024-07-03 19:11:15.109 DEBUG 9896 --- [    Test worker] edFilterInvocationSecurityMetadataSource : Adding web access control expression [permitAll] for Ant [pattern='/home']
2024-07-03 19:11:15.109 DEBUG 9896 --- [    Test worker] edFilterInvocationSecurityMetadataSource : Adding web access control expression [permitAll] for Ant [pattern='/register']
2024-07-03 19:11:15.109 DEBUG 9896 --- [    Test worker] edFilterInvocationSecurityMetadataSource : Adding web access control expression [permitAll] for Ant [pattern='/login']
2024-07-03 19:11:15.110 DEBUG 9896 --- [    Test worker] edFilterInvocationSecurityMetadataSource : Adding web access control expression [permitAll] for Ant [pattern='/css/**']
2024-07-03 19:11:15.110 DEBUG 9896 --- [    Test worker] edFilterInvocationSecurityMetadataSource : Adding web access control expression [permitAll] for Ant [pattern='/js/**']
2024-07-03 19:11:15.110 DEBUG 9896 --- [    Test worker] edFilterInvocationSecurityMetadataSource : Adding web access control expression [permitAll] for Ant [pattern='/images/**']
2024-07-03 19:11:15.111 DEBUG 9896 --- [    Test worker] edFilterInvocationSecurityMetadataSource : Adding web access control expression [permitAll] for Ant [pattern='/public/**']
2024-07-03 19:11:15.111 DEBUG 9896 --- [    Test worker] edFilterInvocationSecurityMetadataSource : Adding web access control expression [permitAll] for Ant [pattern='/user/login']
2024-07-03 19:11:15.111 DEBUG 9896 --- [    Test worker] edFilterInvocationSecurityMetadataSource : Adding web access control expression [permitAll] for Ant [pattern='/user/join']
2024-07-03 19:11:15.111 DEBUG 9896 --- [    Test worker] edFilterInvocationSecurityMetadataSource : Adding web access control expression [permitAll] for Ant [pattern='/user/home']
2024-07-03 19:11:15.120 DEBUG 9896 --- [    Test worker] edFilterInvocationSecurityMetadataSource : Adding web access control expression [hasRole('ROLE_ADMIN')] for Ant [pattern='/admin/**']
2024-07-03 19:11:15.125 DEBUG 9896 --- [    Test worker] edFilterInvocationSecurityMetadataSource : Adding web access control expression [authenticated] for any request
2024-07-03 19:11:15.138 TRACE 9896 --- [    Test worker] o.s.s.w.a.i.FilterSecurityInterceptor    : Validated configuration attributes
2024-07-03 19:11:15.138 TRACE 9896 --- [    Test worker] o.s.s.w.a.i.FilterSecurityInterceptor    : Validated configuration attributes
2024-07-03 19:11:15.240  INFO 9896 --- [    Test worker] o.s.s.web.DefaultSecurityFilterChain     : Will secure any request with [org.springframework.security.web.session.DisableEncodeUrlFilter@4c9235c0, org.springframework.security.web.context.request.async.WebAsyncManagerIntegrationFilter@1ae69abe, org.springframework.security.web.context.SecurityContextPersistenceFilter@68312b85, org.springframework.security.web.header.HeaderWriterFilter@189c6683, org.springframework.security.web.authentication.logout.LogoutFilter@1704437b, org.springframework.security.oauth2.client.web.OAuth2AuthorizationRequestRedirectFilter@77eb76f, org.springframework.security.oauth2.client.web.OAuth2LoginAuthenticationFilter@1efa258e, org.springframework.security.web.authentication.UsernamePasswordAuthenticationFilter@75707f05, org.springframework.security.web.savedrequest.RequestCacheAwareFilter@7594d189, org.springframework.security.web.servletapi.SecurityContextHolderAwareRequestFilter@1418a1bd, org.springframework.security.web.authentication.AnonymousAuthenticationFilter@557f0a39, org.springframework.security.web.session.SessionManagementFilter@45b37003, org.springframework.security.web.access.ExceptionTranslationFilter@59e24c62, org.springframework.security.web.access.intercept.FilterSecurityInterceptor@6792aa3e]
2024-07-03 19:11:15.248  INFO 9896 --- [    Test worker] com.momo.momopjt.config.SecurityConfig   : ------------web configure----------
2024-07-03 19:11:16.363  INFO 9896 --- [    Test worker] o.s.b.a.w.s.WelcomePageHandlerMapping    : Adding welcome page: class path resource [static/index.html]
2024-07-03 19:11:17.328  WARN 9896 --- [    Test worker] o.s.s.c.a.web.builders.WebSecurity       : You are asking Spring Security to ignore Ant [pattern='/resources/**']. This is not recommended -- please use permitAll via HttpSecurity#authorizeHttpRequests instead.
2024-07-03 19:11:17.331  INFO 9896 --- [    Test worker] o.s.s.web.DefaultSecurityFilterChain     : Will not secure Ant [pattern='/resources/**']
2024-07-03 19:11:17.339  WARN 9896 --- [    Test worker] o.s.s.c.a.web.builders.WebSecurity       : You are asking Spring Security to ignore Ant [pattern='/static/**']. This is not recommended -- please use permitAll via HttpSecurity#authorizeHttpRequests instead.
2024-07-03 19:11:17.339  INFO 9896 --- [    Test worker] o.s.s.web.DefaultSecurityFilterChain     : Will not secure Ant [pattern='/static/**']
2024-07-03 19:11:17.339  WARN 9896 --- [    Test worker] o.s.s.c.a.web.builders.WebSecurity       : You are asking Spring Security to ignore Ant [pattern='/css/**']. This is not recommended -- please use permitAll via HttpSecurity#authorizeHttpRequests instead.
2024-07-03 19:11:17.340  INFO 9896 --- [    Test worker] o.s.s.web.DefaultSecurityFilterChain     : Will not secure Ant [pattern='/css/**']
2024-07-03 19:11:17.341  WARN 9896 --- [    Test worker] o.s.s.c.a.web.builders.WebSecurity       : You are asking Spring Security to ignore Ant [pattern='/js/**']. This is not recommended -- please use permitAll via HttpSecurity#authorizeHttpRequests instead.
2024-07-03 19:11:17.341  INFO 9896 --- [    Test worker] o.s.s.web.DefaultSecurityFilterChain     : Will not secure Ant [pattern='/js/**']
2024-07-03 19:11:17.341  WARN 9896 --- [    Test worker] o.s.s.c.a.web.builders.WebSecurity       : You are asking Spring Security to ignore Ant [pattern='/images/**']. This is not recommended -- please use permitAll via HttpSecurity#authorizeHttpRequests instead.
2024-07-03 19:11:17.342  INFO 9896 --- [    Test worker] o.s.s.web.DefaultSecurityFilterChain     : Will not secure Ant [pattern='/images/**']
2024-07-03 19:11:17.856  INFO 9896 --- [    Test worker] com.momo.momopjt.UserTests               : Started UserTests in 14.68 seconds (JVM running for 17.634)
2024-07-03 19:11:18.162  INFO 9896 --- [    Test worker] com.momo.momopjt.UserTests               : ...... [07-02-19:29:25]..........KSW
true
2024-07-03 19:11:18.163  INFO 9896 --- [    Test worker] com.momo.momopjt.UserTests               : ...... [07-02-19:29:20]..........KSW
]]></system-out>
  <system-err><![CDATA[]]></system-err>
</testsuite>
